<?xml version="1.0" encoding="UTF-8"?>
<coverage generated="1651765597763" clover="3.2.0">
  <project timestamp="1651765597763" name="All files">
    <metrics statements="227" coveredstatements="207" conditionals="88" coveredconditionals="80" methods="86" coveredmethods="75" elements="401" coveredelements="362" complexity="0" loc="227" ncloc="227" packages="5" files="12" classes="12"/>
    <package name="src">
      <metrics statements="11" coveredstatements="4" conditionals="4" coveredconditionals="0" methods="3" coveredmethods="1"/>
      <file name="App.js" path="/Users/anhtong/Documents/2. Anh Tong/Job Related/In-TAC Classes/LighthouseLab/Preparation package/lighthouse/PostLHL/ReactOnRails/onlineCourses/coding_courses/frontend/src/App.js">
        <metrics statements="2" coveredstatements="2" conditionals="0" coveredconditionals="0" methods="1" coveredmethods="1"/>
        <line num="5" count="39" type="stmt"/>
        <line num="7" count="78" type="stmt"/>
      </file>
      <file name="index.js" path="/Users/anhtong/Documents/2. Anh Tong/Job Related/In-TAC Classes/LighthouseLab/Preparation package/lighthouse/PostLHL/ReactOnRails/onlineCourses/coding_courses/frontend/src/index.js">
        <metrics statements="1" coveredstatements="1" conditionals="0" coveredconditionals="0" methods="0" coveredmethods="0"/>
        <line num="9" count="39" type="stmt"/>
      </file>
      <file name="reportWebVitals.js" path="/Users/anhtong/Documents/2. Anh Tong/Job Related/In-TAC Classes/LighthouseLab/Preparation package/lighthouse/PostLHL/ReactOnRails/onlineCourses/coding_courses/frontend/src/reportWebVitals.js">
        <metrics statements="8" coveredstatements="1" conditionals="4" coveredconditionals="0" methods="2" coveredmethods="0"/>
        <line num="1" count="39" type="stmt"/>
        <line num="2" count="0" type="cond" truecount="0" falsecount="4"/>
        <line num="3" count="0" type="stmt"/>
        <line num="4" count="0" type="stmt"/>
        <line num="5" count="0" type="stmt"/>
        <line num="6" count="0" type="stmt"/>
        <line num="7" count="0" type="stmt"/>
        <line num="8" count="0" type="stmt"/>
      </file>
    </package>
    <package name="src.components.Program">
      <metrics statements="87" coveredstatements="87" conditionals="55" coveredconditionals="55" methods="39" coveredmethods="39"/>
      <file name="Confirm.jsx" path="/Users/anhtong/Documents/2. Anh Tong/Job Related/In-TAC Classes/LighthouseLab/Preparation package/lighthouse/PostLHL/ReactOnRails/onlineCourses/coding_courses/frontend/src/components/Program/Confirm.jsx">
        <metrics statements="12" coveredstatements="12" conditionals="0" coveredconditionals="0" methods="6" coveredmethods="6"/>
        <line num="4" count="39" type="stmt"/>
        <line num="5" count="10338" type="stmt"/>
        <line num="6" count="10338" type="stmt"/>
        <line num="7" count="10338" type="stmt"/>
        <line num="8" count="10338" type="stmt"/>
        <line num="9" count="10338" type="stmt"/>
        <line num="10" count="10338" type="stmt"/>
        <line num="12" count="10338" type="stmt"/>
        <line num="20" count="9" type="stmt"/>
        <line num="21" count="9" type="stmt"/>
        <line num="25" count="7" type="stmt"/>
        <line num="26" count="7" type="stmt"/>
      </file>
      <file name="ProgramForm.jsx" path="/Users/anhtong/Documents/2. Anh Tong/Job Related/In-TAC Classes/LighthouseLab/Preparation package/lighthouse/PostLHL/ReactOnRails/onlineCourses/coding_courses/frontend/src/components/Program/ProgramForm.jsx">
        <metrics statements="44" coveredstatements="44" conditionals="49" coveredconditionals="49" methods="17" coveredmethods="17"/>
        <line num="10" count="39" type="stmt"/>
        <line num="11" count="9916" type="stmt"/>
        <line num="12" count="9916" type="stmt"/>
        <line num="13" count="9916" type="stmt"/>
        <line num="14" count="9916" type="stmt"/>
        <line num="15" count="9916" type="cond" truecount="2" falsecount="0"/>
        <line num="16" count="9916" type="stmt"/>
        <line num="17" count="9916" type="stmt"/>
        <line num="18" count="9916" type="stmt"/>
        <line num="20" count="9916" type="stmt"/>
        <line num="21" count="10" type="stmt"/>
        <line num="25" count="9916" type="stmt"/>
        <line num="26" count="9916" type="stmt"/>
        <line num="27" count="14767" type="cond" truecount="2" falsecount="0"/>
        <line num="28" count="14767" type="cond" truecount="2" falsecount="0"/>
        <line num="29" count="14767" type="cond" truecount="2" falsecount="0"/>
        <line num="30" count="14767" type="cond" truecount="2" falsecount="0"/>
        <line num="31" count="14767" type="cond" truecount="2" falsecount="0"/>
        <line num="32" count="14767" type="cond" truecount="2" falsecount="0"/>
        <line num="34" count="9916" type="stmt"/>
        <line num="35" count="12" type="stmt"/>
        <line num="36" count="12" type="cond" truecount="2" falsecount="0"/>
        <line num="37" count="2" type="stmt"/>
        <line num="39" count="10" type="stmt"/>
        <line num="42" count="9916" type="stmt"/>
        <line num="44" count="9916" type="stmt"/>
        <line num="45" count="48" type="stmt"/>
        <line num="48" count="9916" type="stmt"/>
        <line num="50" count="9916" type="stmt"/>
        <line num="108" count="20" type="stmt"/>
        <line num="109" count="20" type="stmt"/>
        <line num="117" count="21" type="stmt"/>
        <line num="118" count="21" type="stmt"/>
        <line num="122" count="6" type="stmt"/>
        <line num="123" count="6" type="stmt"/>
        <line num="127" count="4" type="cond" truecount="2" falsecount="0"/>
        <line num="128" count="1" type="stmt"/>
        <line num="130" count="3" type="stmt"/>
        <line num="131" count="3" type="stmt"/>
        <line num="135" count="4" type="cond" truecount="2" falsecount="0"/>
        <line num="136" count="2" type="stmt"/>
        <line num="138" count="2" type="stmt"/>
        <line num="139" count="2" type="stmt"/>
        <line num="148" count="3" type="cond" truecount="2" falsecount="0"/>
      </file>
      <file name="ProgramList.jsx" path="/Users/anhtong/Documents/2. Anh Tong/Job Related/In-TAC Classes/LighthouseLab/Preparation package/lighthouse/PostLHL/ReactOnRails/onlineCourses/coding_courses/frontend/src/components/Program/ProgramList.jsx">
        <metrics statements="18" coveredstatements="18" conditionals="6" coveredconditionals="6" methods="9" coveredmethods="9"/>
        <line num="9" count="39" type="stmt"/>
        <line num="10" count="244" type="stmt"/>
        <line num="11" count="244" type="stmt"/>
        <line num="12" count="244" type="stmt"/>
        <line num="13" count="244" type="stmt"/>
        <line num="15" count="244" type="stmt"/>
        <line num="16" count="14" type="stmt"/>
        <line num="19" count="244" type="stmt"/>
        <line num="20" count="900" type="stmt"/>
        <line num="35" count="11" type="stmt"/>
        <line num="39" count="5" type="stmt"/>
        <line num="44" count="7" type="stmt"/>
        <line num="45" count="7" type="stmt"/>
        <line num="55" count="244" type="stmt"/>
        <line num="62" count="244" type="stmt"/>
        <line num="68" count="22" type="stmt"/>
        <line num="78" count="2" type="stmt"/>
        <line num="79" count="5" type="stmt"/>
      </file>
      <file name="ProgramView.jsx" path="/Users/anhtong/Documents/2. Anh Tong/Job Related/In-TAC Classes/LighthouseLab/Preparation package/lighthouse/PostLHL/ReactOnRails/onlineCourses/coding_courses/frontend/src/components/Program/ProgramView.jsx">
        <metrics statements="13" coveredstatements="13" conditionals="0" coveredconditionals="0" methods="7" coveredmethods="7"/>
        <line num="9" count="39" type="stmt"/>
        <line num="10" count="178" type="stmt"/>
        <line num="11" count="178" type="stmt"/>
        <line num="12" count="178" type="stmt"/>
        <line num="13" count="178" type="stmt"/>
        <line num="15" count="178" type="stmt"/>
        <line num="16" count="8" type="stmt"/>
        <line num="19" count="178" type="stmt"/>
        <line num="40" count="6" type="stmt"/>
        <line num="46" count="4" type="stmt"/>
        <line num="49" count="9" type="stmt"/>
        <line num="59" count="2" type="stmt"/>
        <line num="60" count="2" type="stmt"/>
      </file>
    </package>
    <package name="src.helpers">
      <metrics statements="10" coveredstatements="9" conditionals="6" coveredconditionals="5" methods="2" coveredmethods="2"/>
      <file name="comparison.js" path="/Users/anhtong/Documents/2. Anh Tong/Job Related/In-TAC Classes/LighthouseLab/Preparation package/lighthouse/PostLHL/ReactOnRails/onlineCourses/coding_courses/frontend/src/helpers/comparison.js">
        <metrics statements="10" coveredstatements="9" conditionals="6" coveredconditionals="5" methods="2" coveredmethods="2"/>
        <line num="1" count="39" type="stmt"/>
        <line num="2" count="8" type="stmt"/>
        <line num="3" count="8" type="stmt"/>
        <line num="4" count="8" type="stmt"/>
        <line num="5" count="8" type="cond" truecount="1" falsecount="1"/>
        <line num="6" count="0" type="stmt"/>
        <line num="8" count="8" type="stmt"/>
        <line num="9" count="47" type="cond" truecount="4" falsecount="0"/>
        <line num="10" count="14" type="stmt"/>
        <line num="14" count="8" type="stmt"/>
      </file>
    </package>
    <package name="src.hooks">
      <metrics statements="117" coveredstatements="105" conditionals="23" coveredconditionals="20" methods="41" coveredmethods="32"/>
      <file name="useForm.js" path="/Users/anhtong/Documents/2. Anh Tong/Job Related/In-TAC Classes/LighthouseLab/Preparation package/lighthouse/PostLHL/ReactOnRails/onlineCourses/coding_courses/frontend/src/hooks/useForm.js">
        <metrics statements="41" coveredstatements="41" conditionals="5" coveredconditionals="2" methods="12" coveredmethods="11"/>
        <line num="5" count="39" type="stmt"/>
        <line num="6" count="14767" type="stmt"/>
        <line num="7" count="88602" type="stmt"/>
        <line num="8" count="88602" type="stmt"/>
        <line num="9" count="38117" type="stmt"/>
        <line num="12" count="39" type="cond" truecount="0" falsecount="3"/>
        <line num="13" count="9916" type="stmt"/>
        <line num="14" count="9916" type="stmt"/>
        <line num="15" count="9916" type="stmt"/>
        <line num="16" count="9916" type="stmt"/>
        <line num="17" count="9916" type="stmt"/>
        <line num="18" count="9916" type="stmt"/>
        <line num="19" count="4810" type="stmt"/>
        <line num="20" count="4810" type="stmt"/>
        <line num="21" count="4810" type="stmt"/>
        <line num="22" count="4810" type="stmt"/>
        <line num="23" count="4810" type="stmt"/>
        <line num="24" count="4810" type="stmt"/>
        <line num="26" count="9916" type="stmt"/>
        <line num="27" count="21" type="stmt"/>
        <line num="28" count="21" type="stmt"/>
        <line num="29" count="21" type="stmt"/>
        <line num="30" count="21" type="stmt"/>
        <line num="31" count="21" type="stmt"/>
        <line num="32" count="90" type="stmt"/>
        <line num="33" count="21" type="stmt"/>
        <line num="34" count="21" type="cond" truecount="2" falsecount="0"/>
        <line num="36" count="9916" type="stmt"/>
        <line num="37" count="6" type="stmt"/>
        <line num="38" count="6" type="stmt"/>
        <line num="39" count="6" type="stmt"/>
        <line num="40" count="30" type="stmt"/>
        <line num="41" count="6" type="stmt"/>
        <line num="43" count="9916" type="stmt"/>
        <line num="44" count="20" type="stmt"/>
        <line num="45" count="20" type="stmt"/>
        <line num="46" count="20" type="stmt"/>
        <line num="47" count="20" type="stmt"/>
        <line num="48" count="20" type="stmt"/>
        <line num="49" count="20" type="stmt"/>
        <line num="51" count="9916" type="stmt"/>
      </file>
      <file name="useProgramData.js" path="/Users/anhtong/Documents/2. Anh Tong/Job Related/In-TAC Classes/LighthouseLab/Preparation package/lighthouse/PostLHL/ReactOnRails/onlineCourses/coding_courses/frontend/src/hooks/useProgramData.js">
        <metrics statements="63" coveredstatements="51" conditionals="6" coveredconditionals="6" methods="24" coveredmethods="16"/>
        <line num="5" count="39" type="stmt"/>
        <line num="7" count="10338" type="stmt"/>
        <line num="8" count="10338" type="stmt"/>
        <line num="9" count="10338" type="stmt"/>
        <line num="10" count="10338" type="stmt"/>
        <line num="11" count="10338" type="stmt"/>
        <line num="12" count="10338" type="stmt"/>
        <line num="13" count="10338" type="stmt"/>
        <line num="16" count="10338" type="stmt"/>
        <line num="17" count="116" type="stmt"/>
        <line num="19" count="116" type="stmt"/>
        <line num="20" count="116" type="stmt"/>
        <line num="21" count="116" type="stmt"/>
        <line num="22" count="116" type="cond" truecount="2" falsecount="0"/>
        <line num="23" count="249" type="stmt"/>
        <line num="24" count="38" type="stmt"/>
        <line num="26" count="0" type="stmt"/>
        <line num="29" count="10338" type="stmt"/>
        <line num="30" count="7" type="stmt"/>
        <line num="31" count="51" type="stmt"/>
        <line num="32" count="7" type="stmt"/>
        <line num="33" count="7" type="stmt"/>
        <line num="36" count="2" type="stmt"/>
        <line num="37" count="2" type="stmt"/>
        <line num="38" count="2" type="stmt"/>
        <line num="39" count="2" type="stmt"/>
        <line num="42" count="0" type="stmt"/>
        <line num="46" count="10338" type="stmt"/>
        <line num="47" count="11" type="stmt"/>
        <line num="48" count="11" type="stmt"/>
        <line num="49" count="11" type="stmt"/>
        <line num="50" count="11" type="stmt"/>
        <line num="55" count="11" type="stmt"/>
        <line num="56" count="11" type="stmt"/>
        <line num="57" count="11" type="stmt"/>
        <line num="60" count="0" type="stmt"/>
        <line num="61" count="0" type="stmt"/>
        <line num="63" count="11" type="stmt"/>
        <line num="66" count="10338" type="stmt"/>
        <line num="67" count="2" type="stmt"/>
        <line num="68" count="2" type="stmt"/>
        <line num="69" count="2" type="cond" truecount="4" falsecount="0"/>
        <line num="70" count="1" type="stmt"/>
        <line num="73" count="1" type="stmt"/>
        <line num="76" count="0" type="stmt"/>
        <line num="77" count="0" type="stmt"/>
        <line num="79" count="1" type="stmt"/>
        <line num="81" count="1" type="stmt"/>
        <line num="84" count="1" type="stmt"/>
        <line num="87" count="0" type="stmt"/>
        <line num="88" count="0" type="stmt"/>
        <line num="90" count="0" type="stmt"/>
        <line num="94" count="10338" type="stmt"/>
        <line num="95" count="10" type="stmt"/>
        <line num="97" count="10" type="stmt"/>
        <line num="98" count="10" type="stmt"/>
        <line num="101" count="10" type="stmt"/>
        <line num="102" count="10" type="stmt"/>
        <line num="105" count="0" type="stmt"/>
        <line num="106" count="0" type="stmt"/>
        <line num="108" count="0" type="stmt"/>
        <line num="111" count="10338" type="stmt"/>
        <line num="113" count="10338" type="stmt"/>
      </file>
      <file name="useValidations.js" path="/Users/anhtong/Documents/2. Anh Tong/Job Related/In-TAC Classes/LighthouseLab/Preparation package/lighthouse/PostLHL/ReactOnRails/onlineCourses/coding_courses/frontend/src/hooks/useValidations.js">
        <metrics statements="13" coveredstatements="13" conditionals="12" coveredconditionals="12" methods="5" coveredmethods="5"/>
        <line num="2" count="39" type="stmt"/>
        <line num="3" count="9916" type="stmt"/>
        <line num="4" count="59068" type="cond" truecount="2" falsecount="0"/>
        <line num="5" count="10338" type="cond" truecount="2" falsecount="0"/>
        <line num="6" count="48730" type="cond" truecount="2" falsecount="0"/>
        <line num="7" count="33963" type="cond" truecount="2" falsecount="0"/>
        <line num="10" count="14767" type="cond" truecount="2" falsecount="0"/>
        <line num="14" count="9916" type="stmt"/>
        <line num="15" count="93627" type="stmt"/>
        <line num="16" count="14767" type="stmt"/>
        <line num="19" count="9916" type="stmt"/>
        <line num="20" count="14767" type="cond" truecount="2" falsecount="0"/>
        <line num="23" count="9916" type="stmt"/>
      </file>
    </package>
    <package name="src.router">
      <metrics statements="2" coveredstatements="2" conditionals="0" coveredconditionals="0" methods="1" coveredmethods="1"/>
      <file name="AppRouter.js" path="/Users/anhtong/Documents/2. Anh Tong/Job Related/In-TAC Classes/LighthouseLab/Preparation package/lighthouse/PostLHL/ReactOnRails/onlineCourses/coding_courses/frontend/src/router/AppRouter.js">
        <metrics statements="2" coveredstatements="2" conditionals="0" coveredconditionals="0" methods="1" coveredmethods="1"/>
        <line num="8" count="39" type="stmt"/>
        <line num="9" count="78" type="stmt"/>
      </file>
    </package>
  </project>
</coverage>
