{"/Users/anhtong/Documents/2. Anh Tong/Job Related/In-TAC Classes/LighthouseLab/Preparation package/lighthouse/PostLHL/ReactOnRails/onlineCourses/coding_courses/frontend/src/App.js": {"path":"/Users/anhtong/Documents/2. Anh Tong/Job Related/In-TAC Classes/LighthouseLab/Preparation package/lighthouse/PostLHL/ReactOnRails/onlineCourses/coding_courses/frontend/src/App.js","statementMap":{"0":{"start":{"line":5,"column":12},"end":{"line":12,"column":1}},"1":{"start":{"line":7,"column":2},"end":{"line":11,"column":4}}},"fnMap":{"0":{"name":"(anonymous_0)","decl":{"start":{"line":5,"column":12},"end":{"line":5,"column":13}},"loc":{"start":{"line":5,"column":18},"end":{"line":12,"column":1}},"line":5}},"branchMap":{},"s":{"0":23,"1":46},"f":{"0":46},"b":{},"_coverageSchema":"1a1c01bbd47fc00a2c39e90264f33305004495a9","hash":"ded85f10c87e09e50ea7f29997e71b671bfd3273"}
,"/Users/anhtong/Documents/2. Anh Tong/Job Related/In-TAC Classes/LighthouseLab/Preparation package/lighthouse/PostLHL/ReactOnRails/onlineCourses/coding_courses/frontend/src/index.js": {"path":"/Users/anhtong/Documents/2. Anh Tong/Job Related/In-TAC Classes/LighthouseLab/Preparation package/lighthouse/PostLHL/ReactOnRails/onlineCourses/coding_courses/frontend/src/index.js","statementMap":{"0":{"start":{"line":9,"column":0},"end":{"line":16,"column":2}},"1":{"start":{"line":21,"column":0},"end":{"line":21,"column":18}}},"fnMap":{},"branchMap":{},"s":{"0":23,"1":23},"f":{},"b":{},"_coverageSchema":"1a1c01bbd47fc00a2c39e90264f33305004495a9","hash":"de8e8ef916d625c2f899076a2d20e2812a060f98"}
,"/Users/anhtong/Documents/2. Anh Tong/Job Related/In-TAC Classes/LighthouseLab/Preparation package/lighthouse/PostLHL/ReactOnRails/onlineCourses/coding_courses/frontend/src/reportWebVitals.js": {"path":"/Users/anhtong/Documents/2. Anh Tong/Job Related/In-TAC Classes/LighthouseLab/Preparation package/lighthouse/PostLHL/ReactOnRails/onlineCourses/coding_courses/frontend/src/reportWebVitals.js","statementMap":{"0":{"start":{"line":1,"column":24},"end":{"line":11,"column":1}},"1":{"start":{"line":2,"column":2},"end":{"line":10,"column":3}},"2":{"start":{"line":3,"column":4},"end":{"line":9,"column":7}},"3":{"start":{"line":4,"column":6},"end":{"line":4,"column":26}},"4":{"start":{"line":5,"column":6},"end":{"line":5,"column":26}},"5":{"start":{"line":6,"column":6},"end":{"line":6,"column":26}},"6":{"start":{"line":7,"column":6},"end":{"line":7,"column":26}},"7":{"start":{"line":8,"column":6},"end":{"line":8,"column":27}}},"fnMap":{"0":{"name":"(anonymous_0)","decl":{"start":{"line":1,"column":24},"end":{"line":1,"column":25}},"loc":{"start":{"line":1,"column":39},"end":{"line":11,"column":1}},"line":1},"1":{"name":"(anonymous_1)","decl":{"start":{"line":3,"column":30},"end":{"line":3,"column":31}},"loc":{"start":{"line":3,"column":79},"end":{"line":9,"column":5}},"line":3}},"branchMap":{"0":{"loc":{"start":{"line":2,"column":2},"end":{"line":10,"column":3}},"type":"if","locations":[{"start":{"line":2,"column":2},"end":{"line":10,"column":3}},{"start":{"line":2,"column":2},"end":{"line":10,"column":3}}],"line":2},"1":{"loc":{"start":{"line":2,"column":6},"end":{"line":2,"column":52}},"type":"binary-expr","locations":[{"start":{"line":2,"column":6},"end":{"line":2,"column":17}},{"start":{"line":2,"column":21},"end":{"line":2,"column":52}}],"line":2}},"s":{"0":23,"1":23,"2":0,"3":0,"4":0,"5":0,"6":0,"7":0},"f":{"0":23,"1":0},"b":{"0":[0,23],"1":[23,0]},"_coverageSchema":"1a1c01bbd47fc00a2c39e90264f33305004495a9","hash":"e601bae1706e3ae909227cbdf43460d0ea44a80c"}
,"/Users/anhtong/Documents/2. Anh Tong/Job Related/In-TAC Classes/LighthouseLab/Preparation package/lighthouse/PostLHL/ReactOnRails/onlineCourses/coding_courses/frontend/src/components/Program/Confirm.jsx": {"path":"/Users/anhtong/Documents/2. Anh Tong/Job Related/In-TAC Classes/LighthouseLab/Preparation package/lighthouse/PostLHL/ReactOnRails/onlineCourses/coding_courses/frontend/src/components/Program/Confirm.jsx","statementMap":{"0":{"start":{"line":4,"column":16},"end":{"line":32,"column":1}},"1":{"start":{"line":5,"column":24},"end":{"line":5,"column":51}},"2":{"start":{"line":5,"column":30},"end":{"line":5,"column":51}},"3":{"start":{"line":6,"column":22},"end":{"line":6,"column":47}},"4":{"start":{"line":6,"column":28},"end":{"line":6,"column":47}},"5":{"start":{"line":7,"column":23},"end":{"line":7,"column":49}},"6":{"start":{"line":7,"column":29},"end":{"line":7,"column":49}},"7":{"start":{"line":8,"column":17},"end":{"line":8,"column":29}},"8":{"start":{"line":9,"column":16},"end":{"line":9,"column":27}},"9":{"start":{"line":10,"column":18},"end":{"line":10,"column":31}},"10":{"start":{"line":12,"column":2},"end":{"line":31,"column":4}},"11":{"start":{"line":20,"column":10},"end":{"line":20,"column":25}},"12":{"start":{"line":21,"column":10},"end":{"line":21,"column":24}},"13":{"start":{"line":25,"column":12},"end":{"line":25,"column":28}},"14":{"start":{"line":26,"column":12},"end":{"line":26,"column":26}}},"fnMap":{"0":{"name":"(anonymous_0)","decl":{"start":{"line":4,"column":16},"end":{"line":4,"column":17}},"loc":{"start":{"line":4,"column":27},"end":{"line":32,"column":1}},"line":4},"1":{"name":"(anonymous_1)","decl":{"start":{"line":5,"column":24},"end":{"line":5,"column":25}},"loc":{"start":{"line":5,"column":30},"end":{"line":5,"column":51}},"line":5},"2":{"name":"(anonymous_2)","decl":{"start":{"line":6,"column":22},"end":{"line":6,"column":23}},"loc":{"start":{"line":6,"column":28},"end":{"line":6,"column":47}},"line":6},"3":{"name":"(anonymous_3)","decl":{"start":{"line":7,"column":23},"end":{"line":7,"column":24}},"loc":{"start":{"line":7,"column":29},"end":{"line":7,"column":49}},"line":7},"4":{"name":"(anonymous_4)","decl":{"start":{"line":19,"column":45},"end":{"line":19,"column":46}},"loc":{"start":{"line":19,"column":51},"end":{"line":21,"column":25}},"line":19},"5":{"name":"(anonymous_5)","decl":{"start":{"line":24,"column":19},"end":{"line":24,"column":20}},"loc":{"start":{"line":24,"column":25},"end":{"line":27,"column":11}},"line":24}},"branchMap":{},"s":{"0":23,"1":9718,"2":7,"3":9718,"4":16,"5":9718,"6":9,"7":9718,"8":9718,"9":9718,"10":9718,"11":9,"12":9,"13":7,"14":7},"f":{"0":9718,"1":7,"2":16,"3":9,"4":9,"5":7},"b":{},"_coverageSchema":"1a1c01bbd47fc00a2c39e90264f33305004495a9","hash":"5d55b7883665a2bc6f712b6135f289b7cecdee9f"}
,"/Users/anhtong/Documents/2. Anh Tong/Job Related/In-TAC Classes/LighthouseLab/Preparation package/lighthouse/PostLHL/ReactOnRails/onlineCourses/coding_courses/frontend/src/components/Program/ProgramForm.jsx": {"path":"/Users/anhtong/Documents/2. Anh Tong/Job Related/In-TAC Classes/LighthouseLab/Preparation package/lighthouse/PostLHL/ReactOnRails/onlineCourses/coding_courses/frontend/src/components/Program/ProgramForm.jsx","statementMap":{"0":{"start":{"line":10,"column":20},"end":{"line":154,"column":2}},"1":{"start":{"line":11,"column":17},"end":{"line":11,"column":28}},"2":{"start":{"line":12,"column":19},"end":{"line":12,"column":32}},"3":{"start":{"line":13,"column":60},"end":{"line":13,"column":76}},"4":{"start":{"line":14,"column":22},"end":{"line":14,"column":32}},"5":{"start":{"line":15,"column":22},"end":{"line":15,"column":53}},"6":{"start":{"line":16,"column":28},"end":{"line":16,"column":42}},"7":{"start":{"line":17,"column":30},"end":{"line":17,"column":45}},"8":{"start":{"line":18,"column":30},"end":{"line":18,"column":44}},"9":{"start":{"line":20,"column":22},"end":{"line":22,"column":3}},"10":{"start":{"line":21,"column":4},"end":{"line":21,"column":23}},"11":{"start":{"line":25,"column":50},"end":{"line":25,"column":66}},"12":{"start":{"line":26,"column":22},"end":{"line":33,"column":3}},"13":{"start":{"line":27,"column":16},"end":{"line":27,"column":62}},"14":{"start":{"line":28,"column":16},"end":{"line":28,"column":77}},"15":{"start":{"line":29,"column":23},"end":{"line":29,"column":90}},"16":{"start":{"line":30,"column":19},"end":{"line":30,"column":74}},"17":{"start":{"line":31,"column":25},"end":{"line":31,"column":93}},"18":{"start":{"line":32,"column":25},"end":{"line":32,"column":114}},"19":{"start":{"line":34,"column":22},"end":{"line":40,"column":4}},"20":{"start":{"line":35,"column":4},"end":{"line":35,"column":44}},"21":{"start":{"line":36,"column":4},"end":{"line":40,"column":3}},"22":{"start":{"line":37,"column":6},"end":{"line":37,"column":25}},"23":{"start":{"line":39,"column":6},"end":{"line":39,"column":23}},"24":{"start":{"line":42,"column":104},"end":{"line":42,"column":146}},"25":{"start":{"line":44,"column":2},"end":{"line":46,"column":15}},"26":{"start":{"line":45,"column":4},"end":{"line":45,"column":23}},"27":{"start":{"line":48,"column":2},"end":{"line":48,"column":42}},"28":{"start":{"line":50,"column":2},"end":{"line":154,"column":1}},"29":{"start":{"line":108,"column":16},"end":{"line":108,"column":48}},"30":{"start":{"line":109,"column":16},"end":{"line":109,"column":51}},"31":{"start":{"line":117,"column":12},"end":{"line":117,"column":35}},"32":{"start":{"line":118,"column":12},"end":{"line":118,"column":28}},"33":{"start":{"line":122,"column":14},"end":{"line":122,"column":29}},"34":{"start":{"line":123,"column":14},"end":{"line":123,"column":36}},"35":{"start":{"line":127,"column":12},"end":{"line":132,"column":13}},"36":{"start":{"line":128,"column":14},"end":{"line":128,"column":36}},"37":{"start":{"line":130,"column":14},"end":{"line":130,"column":30}},"38":{"start":{"line":131,"column":14},"end":{"line":131,"column":28}},"39":{"start":{"line":135,"column":14},"end":{"line":140,"column":13}},"40":{"start":{"line":136,"column":16},"end":{"line":136,"column":38}},"41":{"start":{"line":138,"column":16},"end":{"line":138,"column":33}},"42":{"start":{"line":139,"column":16},"end":{"line":139,"column":30}},"43":{"start":{"line":148,"column":35},"end":{"line":148,"column":56}},"44":{"start":{"line":148,"column":63},"end":{"line":148,"column":84}}},"fnMap":{"0":{"name":"(anonymous_0)","decl":{"start":{"line":10,"column":20},"end":{"line":10,"column":21}},"loc":{"start":{"line":10,"column":26},"end":{"line":154,"column":2}},"line":10},"1":{"name":"(anonymous_1)","decl":{"start":{"line":20,"column":22},"end":{"line":20,"column":23}},"loc":{"start":{"line":20,"column":28},"end":{"line":22,"column":3}},"line":20},"2":{"name":"(anonymous_2)","decl":{"start":{"line":27,"column":4},"end":{"line":27,"column":5}},"loc":{"start":{"line":27,"column":16},"end":{"line":27,"column":62}},"line":27},"3":{"name":"(anonymous_3)","decl":{"start":{"line":28,"column":4},"end":{"line":28,"column":5}},"loc":{"start":{"line":28,"column":16},"end":{"line":28,"column":77}},"line":28},"4":{"name":"(anonymous_4)","decl":{"start":{"line":29,"column":4},"end":{"line":29,"column":5}},"loc":{"start":{"line":29,"column":23},"end":{"line":29,"column":90}},"line":29},"5":{"name":"(anonymous_5)","decl":{"start":{"line":30,"column":4},"end":{"line":30,"column":5}},"loc":{"start":{"line":30,"column":19},"end":{"line":30,"column":74}},"line":30},"6":{"name":"(anonymous_6)","decl":{"start":{"line":31,"column":4},"end":{"line":31,"column":5}},"loc":{"start":{"line":31,"column":25},"end":{"line":31,"column":93}},"line":31},"7":{"name":"(anonymous_7)","decl":{"start":{"line":32,"column":4},"end":{"line":32,"column":5}},"loc":{"start":{"line":32,"column":25},"end":{"line":32,"column":114}},"line":32},"8":{"name":"(anonymous_8)","decl":{"start":{"line":34,"column":22},"end":{"line":34,"column":23}},"loc":{"start":{"line":34,"column":29},"end":{"line":40,"column":4}},"line":34},"9":{"name":"(anonymous_9)","decl":{"start":{"line":44,"column":12},"end":{"line":44,"column":13}},"loc":{"start":{"line":44,"column":16},"end":{"line":46,"column":3}},"line":44},"10":{"name":"(anonymous_10)","decl":{"start":{"line":107,"column":24},"end":{"line":107,"column":25}},"loc":{"start":{"line":107,"column":33},"end":{"line":110,"column":15}},"line":107},"11":{"name":"(anonymous_11)","decl":{"start":{"line":116,"column":69},"end":{"line":116,"column":70}},"loc":{"start":{"line":116,"column":80},"end":{"line":119,"column":13}},"line":116},"12":{"name":"(anonymous_12)","decl":{"start":{"line":121,"column":21},"end":{"line":121,"column":22}},"loc":{"start":{"line":121,"column":25},"end":{"line":124,"column":13}},"line":121},"13":{"name":"(anonymous_13)","decl":{"start":{"line":126,"column":71},"end":{"line":126,"column":72}},"loc":{"start":{"line":126,"column":75},"end":{"line":132,"column":14}},"line":126},"14":{"name":"(anonymous_14)","decl":{"start":{"line":134,"column":73},"end":{"line":134,"column":74}},"loc":{"start":{"line":134,"column":77},"end":{"line":140,"column":14}},"line":134},"15":{"name":"(anonymous_15)","decl":{"start":{"line":148,"column":31},"end":{"line":148,"column":32}},"loc":{"start":{"line":148,"column":35},"end":{"line":148,"column":56}},"line":148},"16":{"name":"(anonymous_16)","decl":{"start":{"line":148,"column":59},"end":{"line":148,"column":60}},"loc":{"start":{"line":148,"column":63},"end":{"line":148,"column":84}},"line":148}},"branchMap":{"0":{"loc":{"start":{"line":15,"column":22},"end":{"line":15,"column":53}},"type":"cond-expr","locations":[{"start":{"line":15,"column":27},"end":{"line":15,"column":48}},{"start":{"line":15,"column":51},"end":{"line":15,"column":53}}],"line":15},"1":{"loc":{"start":{"line":27,"column":16},"end":{"line":27,"column":62}},"type":"binary-expr","locations":[{"start":{"line":27,"column":16},"end":{"line":27,"column":32}},{"start":{"line":27,"column":36},"end":{"line":27,"column":62}}],"line":27},"2":{"loc":{"start":{"line":28,"column":16},"end":{"line":28,"column":77}},"type":"binary-expr","locations":[{"start":{"line":28,"column":16},"end":{"line":28,"column":44}},{"start":{"line":28,"column":48},"end":{"line":28,"column":77}}],"line":28},"3":{"loc":{"start":{"line":29,"column":23},"end":{"line":29,"column":90}},"type":"binary-expr","locations":[{"start":{"line":29,"column":23},"end":{"line":29,"column":46}},{"start":{"line":29,"column":50},"end":{"line":29,"column":90}}],"line":29},"4":{"loc":{"start":{"line":30,"column":19},"end":{"line":30,"column":74}},"type":"binary-expr","locations":[{"start":{"line":30,"column":19},"end":{"line":30,"column":38}},{"start":{"line":30,"column":42},"end":{"line":30,"column":74}}],"line":30},"5":{"loc":{"start":{"line":31,"column":25},"end":{"line":31,"column":93}},"type":"binary-expr","locations":[{"start":{"line":31,"column":25},"end":{"line":31,"column":50}},{"start":{"line":31,"column":54},"end":{"line":31,"column":93}}],"line":31},"6":{"loc":{"start":{"line":32,"column":25},"end":{"line":32,"column":114}},"type":"binary-expr","locations":[{"start":{"line":32,"column":25},"end":{"line":32,"column":49}},{"start":{"line":32,"column":53},"end":{"line":32,"column":114}}],"line":32},"7":{"loc":{"start":{"line":36,"column":4},"end":{"line":40,"column":3}},"type":"if","locations":[{"start":{"line":36,"column":4},"end":{"line":40,"column":3}},{"start":{"line":36,"column":4},"end":{"line":40,"column":3}}],"line":36},"8":{"loc":{"start":{"line":52,"column":12},"end":{"line":52,"column":41}},"type":"binary-expr","locations":[{"start":{"line":52,"column":12},"end":{"line":52,"column":14}},{"start":{"line":52,"column":18},"end":{"line":52,"column":41}}],"line":52},"9":{"loc":{"start":{"line":53,"column":12},"end":{"line":53,"column":34}},"type":"binary-expr","locations":[{"start":{"line":53,"column":12},"end":{"line":53,"column":14}},{"start":{"line":53,"column":18},"end":{"line":53,"column":34}}],"line":53},"10":{"loc":{"start":{"line":54,"column":12},"end":{"line":54,"column":39}},"type":"binary-expr","locations":[{"start":{"line":54,"column":12},"end":{"line":54,"column":15}},{"start":{"line":54,"column":19},"end":{"line":54,"column":39}}],"line":54},"11":{"loc":{"start":{"line":55,"column":12},"end":{"line":55,"column":35}},"type":"binary-expr","locations":[{"start":{"line":55,"column":12},"end":{"line":55,"column":15}},{"start":{"line":55,"column":19},"end":{"line":55,"column":35}}],"line":55},"12":{"loc":{"start":{"line":66,"column":13},"end":{"line":66,"column":82}},"type":"binary-expr","locations":[{"start":{"line":66,"column":13},"end":{"line":66,"column":25}},{"start":{"line":66,"column":29},"end":{"line":66,"column":40}},{"start":{"line":66,"column":44},"end":{"line":66,"column":82}}],"line":66},"13":{"loc":{"start":{"line":77,"column":13},"end":{"line":77,"column":109}},"type":"binary-expr","locations":[{"start":{"line":77,"column":13},"end":{"line":77,"column":34}},{"start":{"line":77,"column":38},"end":{"line":77,"column":58}},{"start":{"line":77,"column":62},"end":{"line":77,"column":109}}],"line":77},"14":{"loc":{"start":{"line":88,"column":13},"end":{"line":88,"column":103}},"type":"binary-expr","locations":[{"start":{"line":88,"column":13},"end":{"line":88,"column":32}},{"start":{"line":88,"column":36},"end":{"line":88,"column":54}},{"start":{"line":88,"column":58},"end":{"line":88,"column":103}}],"line":88},"15":{"loc":{"start":{"line":95,"column":13},"end":{"line":99,"column":13}},"type":"binary-expr","locations":[{"start":{"line":95,"column":13},"end":{"line":95,"column":18}},{"start":{"line":96,"column":14},"end":{"line":98,"column":20}}],"line":95},"16":{"loc":{"start":{"line":100,"column":13},"end":{"line":104,"column":13}},"type":"binary-expr","locations":[{"start":{"line":100,"column":14},"end":{"line":100,"column":20}},{"start":{"line":100,"column":24},"end":{"line":100,"column":42}},{"start":{"line":101,"column":14},"end":{"line":103,"column":20}}],"line":100},"17":{"loc":{"start":{"line":112,"column":13},"end":{"line":112,"column":91}},"type":"binary-expr","locations":[{"start":{"line":112,"column":13},"end":{"line":112,"column":28}},{"start":{"line":112,"column":32},"end":{"line":112,"column":46}},{"start":{"line":112,"column":50},"end":{"line":112,"column":91}}],"line":112},"18":{"loc":{"start":{"line":127,"column":12},"end":{"line":132,"column":13}},"type":"if","locations":[{"start":{"line":127,"column":12},"end":{"line":132,"column":13}},{"start":{"line":127,"column":12},"end":{"line":132,"column":13}}],"line":127},"19":{"loc":{"start":{"line":133,"column":11},"end":{"line":142,"column":16}},"type":"cond-expr","locations":[{"start":{"line":134,"column":12},"end":{"line":141,"column":21}},{"start":{"line":142,"column":12},"end":{"line":142,"column":16}}],"line":133},"20":{"loc":{"start":{"line":135,"column":14},"end":{"line":140,"column":13}},"type":"if","locations":[{"start":{"line":135,"column":14},"end":{"line":140,"column":13}},{"start":{"line":135,"column":14},"end":{"line":140,"column":13}}],"line":135},"21":{"loc":{"start":{"line":148,"column":22},"end":{"line":148,"column":84}},"type":"cond-expr","locations":[{"start":{"line":148,"column":31},"end":{"line":148,"column":56}},{"start":{"line":148,"column":59},"end":{"line":148,"column":84}}],"line":148}},"s":{"0":23,"1":9444,"2":9444,"3":9444,"4":9444,"5":9444,"6":9444,"7":9444,"8":9444,"9":9444,"10":10,"11":9444,"12":9444,"13":14089,"14":14089,"15":14089,"16":14089,"17":14089,"18":14089,"19":9444,"20":10,"21":10,"22":2,"23":8,"24":9444,"25":9444,"26":33,"27":9444,"28":9444,"29":18,"30":18,"31":19,"32":19,"33":6,"34":6,"35":4,"36":1,"37":3,"38":3,"39":4,"40":2,"41":2,"42":2,"43":3,"44":2},"f":{"0":9444,"1":10,"2":14089,"3":14089,"4":14089,"5":14089,"6":14089,"7":14089,"8":10,"9":33,"10":18,"11":19,"12":6,"13":4,"14":4,"15":3,"16":2},"b":{"0":[2382,7062],"1":[14089,7598],"2":[14089,2834],"3":[14089,7365],"4":[14089,10536],"5":[14089,7],"6":[14089,7561],"7":[2,8],"8":[9444,2382],"9":[9444,2382],"10":[9444,7062],"11":[9444,7062],"12":[9444,9300,1980],"13":[9444,8630,498],"14":[9444,8516,14],"15":[9444,94],"16":[9444,9350,2332],"17":[9444,104,8],"18":[1,3],"19":[2382,7062],"20":[2,2],"21":[9440,4]},"_coverageSchema":"1a1c01bbd47fc00a2c39e90264f33305004495a9","hash":"96675b0a46385fc011cdac61561ff610eb31fc2b"}
,"/Users/anhtong/Documents/2. Anh Tong/Job Related/In-TAC Classes/LighthouseLab/Preparation package/lighthouse/PostLHL/ReactOnRails/onlineCourses/coding_courses/frontend/src/components/Program/ProgramList.jsx": {"path":"/Users/anhtong/Documents/2. Anh Tong/Job Related/In-TAC Classes/LighthouseLab/Preparation package/lighthouse/PostLHL/ReactOnRails/onlineCourses/coding_courses/frontend/src/components/Program/ProgramList.jsx","statementMap":{"0":{"start":{"line":9,"column":20},"end":{"line":85,"column":1}},"1":{"start":{"line":10,"column":48},"end":{"line":10,"column":60}},"2":{"start":{"line":11,"column":30},"end":{"line":11,"column":45}},"3":{"start":{"line":12,"column":19},"end":{"line":12,"column":32}},"4":{"start":{"line":13,"column":38},"end":{"line":13,"column":54}},"5":{"start":{"line":15,"column":22},"end":{"line":17,"column":3}},"6":{"start":{"line":16,"column":4},"end":{"line":16,"column":23}},"7":{"start":{"line":19,"column":22},"end":{"line":52,"column":4}},"8":{"start":{"line":20,"column":4},"end":{"line":51,"column":10}},"9":{"start":{"line":35,"column":25},"end":{"line":35,"column":64}},"10":{"start":{"line":39,"column":25},"end":{"line":39,"column":64}},"11":{"start":{"line":44,"column":14},"end":{"line":44,"column":41}},"12":{"start":{"line":45,"column":14},"end":{"line":45,"column":28}},"13":{"start":{"line":55,"column":4},"end":{"line":59,"column":10}},"14":{"start":{"line":62,"column":2},"end":{"line":84,"column":3}},"15":{"start":{"line":68,"column":31},"end":{"line":68,"column":55}},"16":{"start":{"line":78,"column":26},"end":{"line":78,"column":56}},"17":{"start":{"line":79,"column":27},"end":{"line":79,"column":59}}},"fnMap":{"0":{"name":"(anonymous_0)","decl":{"start":{"line":9,"column":20},"end":{"line":9,"column":21}},"loc":{"start":{"line":9,"column":26},"end":{"line":85,"column":1}},"line":9},"1":{"name":"(anonymous_1)","decl":{"start":{"line":15,"column":22},"end":{"line":15,"column":23}},"loc":{"start":{"line":15,"column":28},"end":{"line":17,"column":3}},"line":15},"2":{"name":"(anonymous_2)","decl":{"start":{"line":19,"column":35},"end":{"line":19,"column":36}},"loc":{"start":{"line":20,"column":4},"end":{"line":51,"column":10}},"line":20},"3":{"name":"(anonymous_3)","decl":{"start":{"line":35,"column":21},"end":{"line":35,"column":22}},"loc":{"start":{"line":35,"column":25},"end":{"line":35,"column":64}},"line":35},"4":{"name":"(anonymous_4)","decl":{"start":{"line":39,"column":21},"end":{"line":39,"column":22}},"loc":{"start":{"line":39,"column":25},"end":{"line":39,"column":64}},"line":39},"5":{"name":"(anonymous_5)","decl":{"start":{"line":43,"column":21},"end":{"line":43,"column":22}},"loc":{"start":{"line":43,"column":27},"end":{"line":46,"column":11}},"line":43},"6":{"name":"(anonymous_6)","decl":{"start":{"line":68,"column":27},"end":{"line":68,"column":28}},"loc":{"start":{"line":68,"column":31},"end":{"line":68,"column":55}},"line":68},"7":{"name":"(anonymous_7)","decl":{"start":{"line":78,"column":22},"end":{"line":78,"column":23}},"loc":{"start":{"line":78,"column":26},"end":{"line":78,"column":56}},"line":78},"8":{"name":"(anonymous_8)","decl":{"start":{"line":79,"column":23},"end":{"line":79,"column":24}},"loc":{"start":{"line":79,"column":27},"end":{"line":79,"column":59}},"line":79}},"branchMap":{"0":{"loc":{"start":{"line":31,"column":23},"end":{"line":31,"column":141}},"type":"cond-expr","locations":[{"start":{"line":31,"column":58},"end":{"line":31,"column":102}},{"start":{"line":31,"column":105},"end":{"line":31,"column":141}}],"line":31},"1":{"loc":{"start":{"line":65,"column":7},"end":{"line":71,"column":11}},"type":"binary-expr","locations":[{"start":{"line":65,"column":7},"end":{"line":65,"column":26}},{"start":{"line":66,"column":8},"end":{"line":71,"column":11}}],"line":65},"2":{"loc":{"start":{"line":73,"column":9},"end":{"line":73,"column":54}},"type":"cond-expr","locations":[{"start":{"line":73,"column":31},"end":{"line":73,"column":42}},{"start":{"line":73,"column":45},"end":{"line":73,"column":54}}],"line":73}},"s":{"0":23,"1":160,"2":160,"3":160,"4":160,"5":160,"6":14,"7":160,"8":632,"9":3,"10":3,"11":7,"12":7,"13":160,"14":160,"15":17,"16":2,"17":5},"f":{"0":160,"1":14,"2":632,"3":3,"4":3,"5":7,"6":17,"7":2,"8":5},"b":{"0":[520,112],"1":[160,96],"2":[96,64]},"_coverageSchema":"1a1c01bbd47fc00a2c39e90264f33305004495a9","hash":"7401491d705acf3ee4de270e2377b76a494855bc"}
,"/Users/anhtong/Documents/2. Anh Tong/Job Related/In-TAC Classes/LighthouseLab/Preparation package/lighthouse/PostLHL/ReactOnRails/onlineCourses/coding_courses/frontend/src/components/Program/ProgramView.jsx": {"path":"/Users/anhtong/Documents/2. Anh Tong/Job Related/In-TAC Classes/LighthouseLab/Preparation package/lighthouse/PostLHL/ReactOnRails/onlineCourses/coding_courses/frontend/src/components/Program/ProgramView.jsx","statementMap":{"0":{"start":{"line":9,"column":20},"end":{"line":65,"column":4}},"1":{"start":{"line":10,"column":19},"end":{"line":10,"column":32}},"2":{"start":{"line":11,"column":30},"end":{"line":11,"column":45}},"3":{"start":{"line":12,"column":37},"end":{"line":12,"column":53}},"4":{"start":{"line":13,"column":22},"end":{"line":13,"column":32}},"5":{"start":{"line":15,"column":22},"end":{"line":17,"column":3}},"6":{"start":{"line":16,"column":4},"end":{"line":16,"column":23}},"7":{"start":{"line":19,"column":2},"end":{"line":65,"column":3}},"8":{"start":{"line":40,"column":29},"end":{"line":40,"column":68}},"9":{"start":{"line":46,"column":35},"end":{"line":46,"column":59}},"10":{"start":{"line":49,"column":35},"end":{"line":49,"column":56}},"11":{"start":{"line":59,"column":27},"end":{"line":59,"column":52}},"12":{"start":{"line":60,"column":26},"end":{"line":60,"column":67}}},"fnMap":{"0":{"name":"(anonymous_0)","decl":{"start":{"line":9,"column":20},"end":{"line":9,"column":21}},"loc":{"start":{"line":9,"column":26},"end":{"line":65,"column":4}},"line":9},"1":{"name":"(anonymous_1)","decl":{"start":{"line":15,"column":22},"end":{"line":15,"column":23}},"loc":{"start":{"line":15,"column":28},"end":{"line":17,"column":3}},"line":15},"2":{"name":"(anonymous_2)","decl":{"start":{"line":40,"column":25},"end":{"line":40,"column":26}},"loc":{"start":{"line":40,"column":29},"end":{"line":40,"column":68}},"line":40},"3":{"name":"(anonymous_3)","decl":{"start":{"line":46,"column":31},"end":{"line":46,"column":32}},"loc":{"start":{"line":46,"column":35},"end":{"line":46,"column":59}},"line":46},"4":{"name":"(anonymous_4)","decl":{"start":{"line":49,"column":31},"end":{"line":49,"column":32}},"loc":{"start":{"line":49,"column":35},"end":{"line":49,"column":56}},"line":49},"5":{"name":"(anonymous_5)","decl":{"start":{"line":59,"column":23},"end":{"line":59,"column":24}},"loc":{"start":{"line":59,"column":27},"end":{"line":59,"column":52}},"line":59},"6":{"name":"(anonymous_6)","decl":{"start":{"line":60,"column":22},"end":{"line":60,"column":23}},"loc":{"start":{"line":60,"column":26},"end":{"line":60,"column":67}},"line":60}},"branchMap":{},"s":{"0":23,"1":115,"2":114,"3":114,"4":114,"5":114,"6":8,"7":114,"8":4,"9":2,"10":5,"11":2,"12":2},"f":{"0":115,"1":8,"2":4,"3":2,"4":5,"5":2,"6":2},"b":{},"_coverageSchema":"1a1c01bbd47fc00a2c39e90264f33305004495a9","hash":"5581c856ae49e70d5fa2478cfa62e033e0e6367a"}
,"/Users/anhtong/Documents/2. Anh Tong/Job Related/In-TAC Classes/LighthouseLab/Preparation package/lighthouse/PostLHL/ReactOnRails/onlineCourses/coding_courses/frontend/src/helpers/comparison.js": {"path":"/Users/anhtong/Documents/2. Anh Tong/Job Related/In-TAC Classes/LighthouseLab/Preparation package/lighthouse/PostLHL/ReactOnRails/onlineCourses/coding_courses/frontend/src/helpers/comparison.js","statementMap":{"0":{"start":{"line":1,"column":18},"end":{"line":15,"column":1}},"1":{"start":{"line":2,"column":15},"end":{"line":2,"column":32}},"2":{"start":{"line":3,"column":15},"end":{"line":3,"column":32}},"3":{"start":{"line":4,"column":14},"end":{"line":4,"column":18}},"4":{"start":{"line":5,"column":2},"end":{"line":13,"column":3}},"5":{"start":{"line":6,"column":4},"end":{"line":6,"column":18}},"6":{"start":{"line":8,"column":4},"end":{"line":12,"column":7}},"7":{"start":{"line":9,"column":6},"end":{"line":11,"column":7}},"8":{"start":{"line":10,"column":8},"end":{"line":10,"column":29}},"9":{"start":{"line":14,"column":2},"end":{"line":14,"column":15}}},"fnMap":{"0":{"name":"(anonymous_0)","decl":{"start":{"line":1,"column":18},"end":{"line":1,"column":19}},"loc":{"start":{"line":1,"column":34},"end":{"line":15,"column":1}},"line":1},"1":{"name":"(anonymous_1)","decl":{"start":{"line":8,"column":17},"end":{"line":8,"column":18}},"loc":{"start":{"line":8,"column":33},"end":{"line":12,"column":5}},"line":8}},"branchMap":{"0":{"loc":{"start":{"line":5,"column":2},"end":{"line":13,"column":3}},"type":"if","locations":[{"start":{"line":5,"column":2},"end":{"line":13,"column":3}},{"start":{"line":5,"column":2},"end":{"line":13,"column":3}}],"line":5},"1":{"loc":{"start":{"line":9,"column":6},"end":{"line":11,"column":7}},"type":"if","locations":[{"start":{"line":9,"column":6},"end":{"line":11,"column":7}},{"start":{"line":9,"column":6},"end":{"line":11,"column":7}}],"line":9},"2":{"loc":{"start":{"line":9,"column":10},"end":{"line":9,"column":60}},"type":"binary-expr","locations":[{"start":{"line":9,"column":11},"end":{"line":9,"column":30}},{"start":{"line":9,"column":36},"end":{"line":9,"column":59}}],"line":9}},"s":{"0":23,"1":8,"2":8,"3":8,"4":8,"5":0,"6":8,"7":47,"8":14,"9":8},"f":{"0":8,"1":47},"b":{"0":[0,8],"1":[14,33],"2":[47,47]},"_coverageSchema":"1a1c01bbd47fc00a2c39e90264f33305004495a9","hash":"ebba9e7d53c57604e3528d314d74716aa7221a3b"}
,"/Users/anhtong/Documents/2. Anh Tong/Job Related/In-TAC Classes/LighthouseLab/Preparation package/lighthouse/PostLHL/ReactOnRails/onlineCourses/coding_courses/frontend/src/hooks/useForm.js": {"path":"/Users/anhtong/Documents/2. Anh Tong/Job Related/In-TAC Classes/LighthouseLab/Preparation package/lighthouse/PostLHL/ReactOnRails/onlineCourses/coding_courses/frontend/src/hooks/useForm.js","statementMap":{"0":{"start":{"line":5,"column":17},"end":{"line":10,"column":1}},"1":{"start":{"line":6,"column":17},"end":{"line":8,"column":57}},"2":{"start":{"line":7,"column":23},"end":{"line":7,"column":41}},"3":{"start":{"line":8,"column":26},"end":{"line":8,"column":56}},"4":{"start":{"line":9,"column":2},"end":{"line":9,"column":111}},"5":{"start":{"line":9,"column":82},"end":{"line":9,"column":103}},"6":{"start":{"line":12,"column":16},"end":{"line":52,"column":1}},"7":{"start":{"line":13,"column":59},"end":{"line":13,"column":94}},"8":{"start":{"line":14,"column":30},"end":{"line":14,"column":52}},"9":{"start":{"line":15,"column":30},"end":{"line":15,"column":53}},"10":{"start":{"line":16,"column":30},"end":{"line":16,"column":54}},"11":{"start":{"line":17,"column":32},"end":{"line":17,"column":44}},"12":{"start":{"line":18,"column":24},"end":{"line":25,"column":3}},"13":{"start":{"line":19,"column":22},"end":{"line":19,"column":74}},"14":{"start":{"line":20,"column":30},"end":{"line":20,"column":62}},"15":{"start":{"line":21,"column":4},"end":{"line":21,"column":25}},"16":{"start":{"line":22,"column":4},"end":{"line":22,"column":22}},"17":{"start":{"line":23,"column":4},"end":{"line":23,"column":22}},"18":{"start":{"line":24,"column":4},"end":{"line":24,"column":56}},"19":{"start":{"line":26,"column":24},"end":{"line":35,"column":3}},"20":{"start":{"line":27,"column":30},"end":{"line":27,"column":59}},"21":{"start":{"line":28,"column":4},"end":{"line":28,"column":22}},"22":{"start":{"line":29,"column":4},"end":{"line":29,"column":22}},"23":{"start":{"line":30,"column":21},"end":{"line":30,"column":40}},"24":{"start":{"line":31,"column":21},"end":{"line":31,"column":23}},"25":{"start":{"line":32,"column":4},"end":{"line":32,"column":52}},"26":{"start":{"line":32,"column":30},"end":{"line":32,"column":50}},"27":{"start":{"line":33,"column":4},"end":{"line":33,"column":27}},"28":{"start":{"line":34,"column":4},"end":{"line":34,"column":34}},"29":{"start":{"line":34,"column":17},"end":{"line":34,"column":34}},"30":{"start":{"line":36,"column":23},"end":{"line":42,"column":3}},"31":{"start":{"line":37,"column":4},"end":{"line":37,"column":20}},"32":{"start":{"line":38,"column":21},"end":{"line":38,"column":40}},"33":{"start":{"line":39,"column":21},"end":{"line":39,"column":23}},"34":{"start":{"line":40,"column":4},"end":{"line":40,"column":53}},"35":{"start":{"line":40,"column":30},"end":{"line":40,"column":51}},"36":{"start":{"line":41,"column":4},"end":{"line":41,"column":27}},"37":{"start":{"line":43,"column":22},"end":{"line":50,"column":3}},"38":{"start":{"line":44,"column":22},"end":{"line":44,"column":47}},"39":{"start":{"line":45,"column":30},"end":{"line":45,"column":62}},"40":{"start":{"line":46,"column":4},"end":{"line":46,"column":25}},"41":{"start":{"line":47,"column":4},"end":{"line":47,"column":22}},"42":{"start":{"line":48,"column":4},"end":{"line":48,"column":22}},"43":{"start":{"line":49,"column":4},"end":{"line":49,"column":44}},"44":{"start":{"line":51,"column":2},"end":{"line":51,"column":112}}},"fnMap":{"0":{"name":"(anonymous_0)","decl":{"start":{"line":5,"column":17},"end":{"line":5,"column":18}},"loc":{"start":{"line":5,"column":42},"end":{"line":10,"column":1}},"line":5},"1":{"name":"(anonymous_1)","decl":{"start":{"line":7,"column":9},"end":{"line":7,"column":10}},"loc":{"start":{"line":7,"column":23},"end":{"line":7,"column":41}},"line":7},"2":{"name":"(anonymous_2)","decl":{"start":{"line":8,"column":12},"end":{"line":8,"column":13}},"loc":{"start":{"line":8,"column":26},"end":{"line":8,"column":56}},"line":8},"3":{"name":"(anonymous_3)","decl":{"start":{"line":9,"column":62},"end":{"line":9,"column":63}},"loc":{"start":{"line":9,"column":82},"end":{"line":9,"column":103}},"line":9},"4":{"name":"(anonymous_4)","decl":{"start":{"line":12,"column":16},"end":{"line":12,"column":17}},"loc":{"start":{"line":12,"column":78},"end":{"line":52,"column":1}},"line":12},"5":{"name":"(anonymous_5)","decl":{"start":{"line":12,"column":65},"end":{"line":12,"column":66}},"loc":{"start":{"line":12,"column":71},"end":{"line":12,"column":73}},"line":12},"6":{"name":"(anonymous_6)","decl":{"start":{"line":18,"column":24},"end":{"line":18,"column":25}},"loc":{"start":{"line":18,"column":33},"end":{"line":25,"column":3}},"line":18},"7":{"name":"(anonymous_7)","decl":{"start":{"line":26,"column":24},"end":{"line":26,"column":25}},"loc":{"start":{"line":26,"column":30},"end":{"line":35,"column":3}},"line":26},"8":{"name":"(anonymous_8)","decl":{"start":{"line":32,"column":23},"end":{"line":32,"column":24}},"loc":{"start":{"line":32,"column":30},"end":{"line":32,"column":50}},"line":32},"9":{"name":"(anonymous_9)","decl":{"start":{"line":36,"column":23},"end":{"line":36,"column":24}},"loc":{"start":{"line":36,"column":33},"end":{"line":42,"column":3}},"line":36},"10":{"name":"(anonymous_10)","decl":{"start":{"line":40,"column":23},"end":{"line":40,"column":24}},"loc":{"start":{"line":40,"column":30},"end":{"line":40,"column":51}},"line":40},"11":{"name":"(anonymous_11)","decl":{"start":{"line":43,"column":22},"end":{"line":43,"column":23}},"loc":{"start":{"line":43,"column":29},"end":{"line":50,"column":3}},"line":43}},"branchMap":{"0":{"loc":{"start":{"line":12,"column":17},"end":{"line":12,"column":34}},"type":"default-arg","locations":[{"start":{"line":12,"column":32},"end":{"line":12,"column":34}}],"line":12},"1":{"loc":{"start":{"line":12,"column":36},"end":{"line":12,"column":52}},"type":"default-arg","locations":[{"start":{"line":12,"column":50},"end":{"line":12,"column":52}}],"line":12},"2":{"loc":{"start":{"line":12,"column":54},"end":{"line":12,"column":73}},"type":"default-arg","locations":[{"start":{"line":12,"column":65},"end":{"line":12,"column":73}}],"line":12},"3":{"loc":{"start":{"line":34,"column":4},"end":{"line":34,"column":34}},"type":"if","locations":[{"start":{"line":34,"column":4},"end":{"line":34,"column":34}},{"start":{"line":34,"column":4},"end":{"line":34,"column":34}}],"line":34}},"s":{"0":23,"1":14089,"2":84534,"3":84534,"4":14089,"5":35901,"6":23,"7":9444,"8":9444,"9":9444,"10":9444,"11":9444,"12":9444,"13":4608,"14":4608,"15":4608,"16":4608,"17":4608,"18":4608,"19":9444,"20":19,"21":19,"22":19,"23":19,"24":19,"25":19,"26":82,"27":19,"28":19,"29":10,"30":9444,"31":6,"32":6,"33":6,"34":6,"35":30,"36":6,"37":9444,"38":18,"39":18,"40":18,"41":18,"42":18,"43":18,"44":9444},"f":{"0":14089,"1":84534,"2":84534,"3":35901,"4":9444,"5":0,"6":4608,"7":19,"8":82,"9":6,"10":30,"11":18},"b":{"0":[0],"1":[0],"2":[0],"3":[10,9]},"_coverageSchema":"1a1c01bbd47fc00a2c39e90264f33305004495a9","hash":"625ca4fea101f579c2ee0f70786ceb85bbbfae8e"}
,"/Users/anhtong/Documents/2. Anh Tong/Job Related/In-TAC Classes/LighthouseLab/Preparation package/lighthouse/PostLHL/ReactOnRails/onlineCourses/coding_courses/frontend/src/hooks/useProgramData.js": {"path":"/Users/anhtong/Documents/2. Anh Tong/Job Related/In-TAC Classes/LighthouseLab/Preparation package/lighthouse/PostLHL/ReactOnRails/onlineCourses/coding_courses/frontend/src/hooks/useProgramData.js","statementMap":{"0":{"start":{"line":5,"column":23},"end":{"line":114,"column":1}},"1":{"start":{"line":7,"column":34},"end":{"line":7,"column":46}},"2":{"start":{"line":8,"column":32},"end":{"line":8,"column":100}},"3":{"start":{"line":9,"column":17},"end":{"line":9,"column":28}},"4":{"start":{"line":10,"column":22},"end":{"line":10,"column":32}},"5":{"start":{"line":11,"column":24},"end":{"line":11,"column":63}},"6":{"start":{"line":12,"column":23},"end":{"line":12,"column":62}},"7":{"start":{"line":13,"column":19},"end":{"line":13,"column":32}},"8":{"start":{"line":16,"column":24},"end":{"line":27,"column":3}},"9":{"start":{"line":17,"column":4},"end":{"line":26,"column":44}},"10":{"start":{"line":19,"column":6},"end":{"line":19,"column":28}},"11":{"start":{"line":20,"column":26},"end":{"line":20,"column":34}},"12":{"start":{"line":21,"column":6},"end":{"line":21,"column":33}},"13":{"start":{"line":22,"column":6},"end":{"line":25,"column":5}},"14":{"start":{"line":23,"column":27},"end":{"line":23,"column":75}},"15":{"start":{"line":23,"column":53},"end":{"line":23,"column":74}},"16":{"start":{"line":24,"column":8},"end":{"line":24,"column":36}},"17":{"start":{"line":26,"column":18},"end":{"line":26,"column":42}},"18":{"start":{"line":29,"column":24},"end":{"line":44,"column":3}},"19":{"start":{"line":30,"column":30},"end":{"line":30,"column":75}},"20":{"start":{"line":31,"column":28},"end":{"line":31,"column":64}},"21":{"start":{"line":31,"column":49},"end":{"line":31,"column":60}},"22":{"start":{"line":32,"column":16},"end":{"line":32,"column":49}},"23":{"start":{"line":33,"column":4},"end":{"line":43,"column":7}},"24":{"start":{"line":39,"column":6},"end":{"line":39,"column":28}},"25":{"start":{"line":42,"column":6},"end":{"line":42,"column":31}},"26":{"start":{"line":46,"column":22},"end":{"line":64,"column":3}},"27":{"start":{"line":47,"column":21},"end":{"line":47,"column":35}},"28":{"start":{"line":48,"column":4},"end":{"line":48,"column":34}},"29":{"start":{"line":49,"column":4},"end":{"line":49,"column":48}},"30":{"start":{"line":50,"column":24},"end":{"line":62,"column":6}},"31":{"start":{"line":55,"column":6},"end":{"line":55,"column":33}},"32":{"start":{"line":56,"column":6},"end":{"line":56,"column":124}},"33":{"start":{"line":57,"column":6},"end":{"line":57,"column":42}},"34":{"start":{"line":60,"column":6},"end":{"line":60,"column":23}},"35":{"start":{"line":61,"column":6},"end":{"line":61,"column":48}},"36":{"start":{"line":63,"column":4},"end":{"line":63,"column":23}},"37":{"start":{"line":66,"column":22},"end":{"line":92,"column":3}},"38":{"start":{"line":67,"column":30},"end":{"line":67,"column":75}},"39":{"start":{"line":68,"column":24},"end":{"line":68,"column":45}},"40":{"start":{"line":69,"column":4},"end":{"line":91,"column":5}},"41":{"start":{"line":70,"column":6},"end":{"line":78,"column":6}},"42":{"start":{"line":73,"column":8},"end":{"line":73,"column":30}},"43":{"start":{"line":76,"column":8},"end":{"line":76,"column":33}},"44":{"start":{"line":77,"column":8},"end":{"line":77,"column":30}},"45":{"start":{"line":79,"column":6},"end":{"line":90,"column":46}},"46":{"start":{"line":81,"column":8},"end":{"line":89,"column":9}},"47":{"start":{"line":84,"column":10},"end":{"line":84,"column":32}},"48":{"start":{"line":87,"column":10},"end":{"line":87,"column":35}},"49":{"start":{"line":88,"column":10},"end":{"line":88,"column":32}},"50":{"start":{"line":90,"column":21},"end":{"line":90,"column":45}},"51":{"start":{"line":94,"column":24},"end":{"line":109,"column":3}},"52":{"start":{"line":95,"column":4},"end":{"line":108,"column":44}},"53":{"start":{"line":97,"column":6},"end":{"line":97,"column":26}},"54":{"start":{"line":98,"column":6},"end":{"line":107,"column":9}},"55":{"start":{"line":101,"column":28},"end":{"line":101,"column":58}},"56":{"start":{"line":102,"column":8},"end":{"line":102,"column":30}},"57":{"start":{"line":105,"column":8},"end":{"line":105,"column":33}},"58":{"start":{"line":106,"column":8},"end":{"line":106,"column":30}},"59":{"start":{"line":108,"column":19},"end":{"line":108,"column":43}},"60":{"start":{"line":111,"column":2},"end":{"line":111,"column":32}},"61":{"start":{"line":113,"column":2},"end":{"line":113,"column":74}}},"fnMap":{"0":{"name":"(anonymous_0)","decl":{"start":{"line":5,"column":23},"end":{"line":5,"column":24}},"loc":{"start":{"line":5,"column":29},"end":{"line":114,"column":1}},"line":5},"1":{"name":"(anonymous_1)","decl":{"start":{"line":16,"column":24},"end":{"line":16,"column":25}},"loc":{"start":{"line":16,"column":30},"end":{"line":27,"column":3}},"line":16},"2":{"name":"(anonymous_2)","decl":{"start":{"line":18,"column":11},"end":{"line":18,"column":12}},"loc":{"start":{"line":18,"column":18},"end":{"line":25,"column":6}},"line":18},"3":{"name":"(anonymous_3)","decl":{"start":{"line":23,"column":48},"end":{"line":23,"column":49}},"loc":{"start":{"line":23,"column":53},"end":{"line":23,"column":74}},"line":23},"4":{"name":"(anonymous_4)","decl":{"start":{"line":26,"column":11},"end":{"line":26,"column":12}},"loc":{"start":{"line":26,"column":18},"end":{"line":26,"column":42}},"line":26},"5":{"name":"(anonymous_5)","decl":{"start":{"line":29,"column":24},"end":{"line":29,"column":25}},"loc":{"start":{"line":29,"column":32},"end":{"line":44,"column":3}},"line":29},"6":{"name":"(anonymous_6)","decl":{"start":{"line":31,"column":44},"end":{"line":31,"column":45}},"loc":{"start":{"line":31,"column":49},"end":{"line":31,"column":60}},"line":31},"7":{"name":"(anonymous_7)","decl":{"start":{"line":35,"column":11},"end":{"line":35,"column":12}},"loc":{"start":{"line":35,"column":17},"end":{"line":40,"column":5}},"line":35},"8":{"name":"(anonymous_8)","decl":{"start":{"line":41,"column":11},"end":{"line":41,"column":12}},"loc":{"start":{"line":41,"column":18},"end":{"line":43,"column":5}},"line":41},"9":{"name":"(anonymous_9)","decl":{"start":{"line":46,"column":22},"end":{"line":46,"column":23}},"loc":{"start":{"line":46,"column":42},"end":{"line":64,"column":3}},"line":46},"10":{"name":"(anonymous_10)","decl":{"start":{"line":54,"column":11},"end":{"line":54,"column":12}},"loc":{"start":{"line":54,"column":23},"end":{"line":58,"column":5}},"line":54},"11":{"name":"(anonymous_11)","decl":{"start":{"line":59,"column":12},"end":{"line":59,"column":13}},"loc":{"start":{"line":59,"column":19},"end":{"line":62,"column":5}},"line":59},"12":{"name":"(anonymous_12)","decl":{"start":{"line":66,"column":22},"end":{"line":66,"column":23}},"loc":{"start":{"line":66,"column":39},"end":{"line":92,"column":3}},"line":66},"13":{"name":"(anonymous_13)","decl":{"start":{"line":72,"column":12},"end":{"line":72,"column":13}},"loc":{"start":{"line":72,"column":18},"end":{"line":74,"column":7}},"line":72},"14":{"name":"(anonymous_14)","decl":{"start":{"line":75,"column":13},"end":{"line":75,"column":14}},"loc":{"start":{"line":75,"column":20},"end":{"line":78,"column":5}},"line":75},"15":{"name":"(anonymous_15)","decl":{"start":{"line":80,"column":13},"end":{"line":80,"column":14}},"loc":{"start":{"line":80,"column":19},"end":{"line":89,"column":10}},"line":80},"16":{"name":"(anonymous_16)","decl":{"start":{"line":83,"column":14},"end":{"line":83,"column":15}},"loc":{"start":{"line":83,"column":20},"end":{"line":85,"column":9}},"line":83},"17":{"name":"(anonymous_17)","decl":{"start":{"line":86,"column":15},"end":{"line":86,"column":16}},"loc":{"start":{"line":86,"column":22},"end":{"line":89,"column":7}},"line":86},"18":{"name":"(anonymous_18)","decl":{"start":{"line":90,"column":14},"end":{"line":90,"column":15}},"loc":{"start":{"line":90,"column":21},"end":{"line":90,"column":45}},"line":90},"19":{"name":"(anonymous_19)","decl":{"start":{"line":94,"column":24},"end":{"line":94,"column":25}},"loc":{"start":{"line":94,"column":37},"end":{"line":109,"column":3}},"line":94},"20":{"name":"(anonymous_20)","decl":{"start":{"line":96,"column":11},"end":{"line":96,"column":12}},"loc":{"start":{"line":96,"column":17},"end":{"line":107,"column":10}},"line":96},"21":{"name":"(anonymous_21)","decl":{"start":{"line":100,"column":12},"end":{"line":100,"column":13}},"loc":{"start":{"line":100,"column":19},"end":{"line":103,"column":7}},"line":100},"22":{"name":"(anonymous_22)","decl":{"start":{"line":104,"column":13},"end":{"line":104,"column":14}},"loc":{"start":{"line":104,"column":20},"end":{"line":107,"column":7}},"line":104},"23":{"name":"(anonymous_23)","decl":{"start":{"line":108,"column":12},"end":{"line":108,"column":13}},"loc":{"start":{"line":108,"column":19},"end":{"line":108,"column":43}},"line":108}},"branchMap":{"0":{"loc":{"start":{"line":22,"column":6},"end":{"line":25,"column":5}},"type":"if","locations":[{"start":{"line":22,"column":6},"end":{"line":25,"column":5}},{"start":{"line":22,"column":6},"end":{"line":25,"column":5}}],"line":22},"1":{"loc":{"start":{"line":69,"column":4},"end":{"line":91,"column":5}},"type":"if","locations":[{"start":{"line":69,"column":4},"end":{"line":91,"column":5}},{"start":{"line":69,"column":4},"end":{"line":91,"column":5}}],"line":69},"2":{"loc":{"start":{"line":69,"column":8},"end":{"line":69,"column":50}},"type":"binary-expr","locations":[{"start":{"line":69,"column":8},"end":{"line":69,"column":27}},{"start":{"line":69,"column":31},"end":{"line":69,"column":50}}],"line":69}},"s":{"0":23,"1":9718,"2":9718,"3":9718,"4":9718,"5":9718,"6":9718,"7":9718,"8":9718,"9":75,"10":75,"11":75,"12":75,"13":75,"14":24,"15":163,"16":24,"17":0,"18":9718,"19":7,"20":7,"21":51,"22":7,"23":7,"24":2,"25":0,"26":9718,"27":9,"28":9,"29":9,"30":9,"31":9,"32":9,"33":9,"34":0,"35":0,"36":9,"37":9718,"38":2,"39":2,"40":2,"41":1,"42":1,"43":0,"44":0,"45":1,"46":1,"47":1,"48":0,"49":0,"50":0,"51":9718,"52":8,"53":8,"54":8,"55":8,"56":8,"57":0,"58":0,"59":0,"60":9718,"61":9718},"f":{"0":9718,"1":75,"2":75,"3":163,"4":0,"5":7,"6":51,"7":2,"8":0,"9":9,"10":9,"11":0,"12":2,"13":1,"14":0,"15":1,"16":1,"17":0,"18":0,"19":8,"20":8,"21":8,"22":0,"23":0},"b":{"0":[24,51],"1":[1,1],"2":[2,1]},"_coverageSchema":"1a1c01bbd47fc00a2c39e90264f33305004495a9","hash":"7bdc084a08a77ad5be8c18358995688c72934944"}
,"/Users/anhtong/Documents/2. Anh Tong/Job Related/In-TAC Classes/LighthouseLab/Preparation package/lighthouse/PostLHL/ReactOnRails/onlineCourses/coding_courses/frontend/src/hooks/useValidations.js": {"path":"/Users/anhtong/Documents/2. Anh Tong/Job Related/In-TAC Classes/LighthouseLab/Preparation package/lighthouse/PostLHL/ReactOnRails/onlineCourses/coding_courses/frontend/src/hooks/useValidations.js","statementMap":{"0":{"start":{"line":2,"column":23},"end":{"line":24,"column":1}},"1":{"start":{"line":3,"column":21},"end":{"line":12,"column":3}},"2":{"start":{"line":4,"column":4},"end":{"line":11,"column":5}},"3":{"start":{"line":5,"column":6},"end":{"line":5,"column":55}},"4":{"start":{"line":6,"column":11},"end":{"line":11,"column":5}},"5":{"start":{"line":7,"column":6},"end":{"line":7,"column":51}},"6":{"start":{"line":10,"column":6},"end":{"line":10,"column":52}},"7":{"start":{"line":14,"column":23},"end":{"line":17,"column":3}},"8":{"start":{"line":15,"column":14},"end":{"line":15,"column":53}},"9":{"start":{"line":15,"column":31},"end":{"line":15,"column":52}},"10":{"start":{"line":16,"column":4},"end":{"line":16,"column":28}},"11":{"start":{"line":19,"column":20},"end":{"line":21,"column":3}},"12":{"start":{"line":20,"column":4},"end":{"line":20,"column":54}},"13":{"start":{"line":23,"column":2},"end":{"line":23,"column":47}}},"fnMap":{"0":{"name":"(anonymous_0)","decl":{"start":{"line":2,"column":23},"end":{"line":2,"column":24}},"loc":{"start":{"line":2,"column":29},"end":{"line":24,"column":1}},"line":2},"1":{"name":"(anonymous_1)","decl":{"start":{"line":3,"column":21},"end":{"line":3,"column":22}},"loc":{"start":{"line":3,"column":30},"end":{"line":12,"column":3}},"line":3},"2":{"name":"(anonymous_2)","decl":{"start":{"line":14,"column":23},"end":{"line":14,"column":24}},"loc":{"start":{"line":14,"column":38},"end":{"line":17,"column":3}},"line":14},"3":{"name":"(anonymous_3)","decl":{"start":{"line":15,"column":26},"end":{"line":15,"column":27}},"loc":{"start":{"line":15,"column":31},"end":{"line":15,"column":52}},"line":15},"4":{"name":"(anonymous_4)","decl":{"start":{"line":19,"column":20},"end":{"line":19,"column":21}},"loc":{"start":{"line":19,"column":29},"end":{"line":21,"column":3}},"line":19}},"branchMap":{"0":{"loc":{"start":{"line":4,"column":4},"end":{"line":11,"column":5}},"type":"if","locations":[{"start":{"line":4,"column":4},"end":{"line":11,"column":5}},{"start":{"line":4,"column":4},"end":{"line":11,"column":5}}],"line":4},"1":{"loc":{"start":{"line":5,"column":13},"end":{"line":5,"column":54}},"type":"binary-expr","locations":[{"start":{"line":5,"column":13},"end":{"line":5,"column":25}},{"start":{"line":5,"column":29},"end":{"line":5,"column":54}}],"line":5},"2":{"loc":{"start":{"line":6,"column":11},"end":{"line":11,"column":5}},"type":"if","locations":[{"start":{"line":6,"column":11},"end":{"line":11,"column":5}},{"start":{"line":6,"column":11},"end":{"line":11,"column":5}}],"line":6},"3":{"loc":{"start":{"line":7,"column":13},"end":{"line":7,"column":50}},"type":"binary-expr","locations":[{"start":{"line":7,"column":13},"end":{"line":7,"column":25}},{"start":{"line":7,"column":29},"end":{"line":7,"column":50}}],"line":7},"4":{"loc":{"start":{"line":10,"column":13},"end":{"line":10,"column":51}},"type":"binary-expr","locations":[{"start":{"line":10,"column":13},"end":{"line":10,"column":25}},{"start":{"line":10,"column":29},"end":{"line":10,"column":51}}],"line":10},"5":{"loc":{"start":{"line":20,"column":11},"end":{"line":20,"column":53}},"type":"binary-expr","locations":[{"start":{"line":20,"column":11},"end":{"line":20,"column":28}},{"start":{"line":20,"column":32},"end":{"line":20,"column":53}}],"line":20}},"s":{"0":23,"1":9444,"2":56356,"3":9782,"4":46574,"5":32485,"6":14089,"7":9444,"8":14089,"9":89689,"10":14089,"11":9444,"12":14089,"13":9444},"f":{"0":9444,"1":56356,"2":14089,"3":89689,"4":14089},"b":{"0":[9782,46574],"1":[9782,9782],"2":[32485,14089],"3":[32485,32485],"4":[14089,14089],"5":[14089,6529]},"_coverageSchema":"1a1c01bbd47fc00a2c39e90264f33305004495a9","hash":"6d2b3bee7fac8fa621582f66c1f7b58132b934e2"}
,"/Users/anhtong/Documents/2. Anh Tong/Job Related/In-TAC Classes/LighthouseLab/Preparation package/lighthouse/PostLHL/ReactOnRails/onlineCourses/coding_courses/frontend/src/router/AppRouter.js": {"path":"/Users/anhtong/Documents/2. Anh Tong/Job Related/In-TAC Classes/LighthouseLab/Preparation package/lighthouse/PostLHL/ReactOnRails/onlineCourses/coding_courses/frontend/src/router/AppRouter.js","statementMap":{"0":{"start":{"line":8,"column":18},"end":{"line":23,"column":1}},"1":{"start":{"line":9,"column":2},"end":{"line":22,"column":4}}},"fnMap":{"0":{"name":"(anonymous_0)","decl":{"start":{"line":8,"column":18},"end":{"line":8,"column":19}},"loc":{"start":{"line":8,"column":24},"end":{"line":23,"column":1}},"line":8}},"branchMap":{},"s":{"0":23,"1":46},"f":{"0":46},"b":{},"_coverageSchema":"1a1c01bbd47fc00a2c39e90264f33305004495a9","hash":"73363734bf248c1c810c01e0fe54b1d737a1eaa5"}
}
