{"total": {"lines":{"total":234,"covered":220,"skipped":0,"pct":94.02},"statements":{"total":245,"covered":231,"skipped":0,"pct":94.29},"functions":{"total":87,"covered":78,"skipped":0,"pct":89.66},"branches":{"total":90,"covered":84,"skipped":0,"pct":93.33}}
,"/Users/anhtong/Documents/2. Anh Tong/Job Related/In-TAC Classes/LighthouseLab/Preparation package/lighthouse/PostLHL/ReactOnRails/onlineCourses/coding_courses/frontend/src/App.js": {"lines":{"total":2,"covered":2,"skipped":0,"pct":100},"functions":{"total":1,"covered":1,"skipped":0,"pct":100},"statements":{"total":2,"covered":2,"skipped":0,"pct":100},"branches":{"total":0,"covered":0,"skipped":0,"pct":100}}
,"/Users/anhtong/Documents/2. Anh Tong/Job Related/In-TAC Classes/LighthouseLab/Preparation package/lighthouse/PostLHL/ReactOnRails/onlineCourses/coding_courses/frontend/src/index.js": {"lines":{"total":8,"covered":7,"skipped":0,"pct":87.5},"functions":{"total":1,"covered":1,"skipped":0,"pct":100},"statements":{"total":8,"covered":7,"skipped":0,"pct":87.5},"branches":{"total":2,"covered":1,"skipped":0,"pct":50}}
,"/Users/anhtong/Documents/2. Anh Tong/Job Related/In-TAC Classes/LighthouseLab/Preparation package/lighthouse/PostLHL/ReactOnRails/onlineCourses/coding_courses/frontend/src/reportWebVitals.js": {"lines":{"total":8,"covered":8,"skipped":0,"pct":100},"functions":{"total":2,"covered":2,"skipped":0,"pct":100},"statements":{"total":8,"covered":8,"skipped":0,"pct":100},"branches":{"total":4,"covered":3,"skipped":0,"pct":75}}
,"/Users/anhtong/Documents/2. Anh Tong/Job Related/In-TAC Classes/LighthouseLab/Preparation package/lighthouse/PostLHL/ReactOnRails/onlineCourses/coding_courses/frontend/src/components/Program/Confirm.jsx": {"lines":{"total":12,"covered":12,"skipped":0,"pct":100},"functions":{"total":6,"covered":6,"skipped":0,"pct":100},"statements":{"total":15,"covered":15,"skipped":0,"pct":100},"branches":{"total":0,"covered":0,"skipped":0,"pct":100}}
,"/Users/anhtong/Documents/2. Anh Tong/Job Related/In-TAC Classes/LighthouseLab/Preparation package/lighthouse/PostLHL/ReactOnRails/onlineCourses/coding_courses/frontend/src/components/Program/ProgramForm.jsx": {"lines":{"total":44,"covered":44,"skipped":0,"pct":100},"functions":{"total":17,"covered":17,"skipped":0,"pct":100},"statements":{"total":45,"covered":45,"skipped":0,"pct":100},"branches":{"total":49,"covered":49,"skipped":0,"pct":100}}
,"/Users/anhtong/Documents/2. Anh Tong/Job Related/In-TAC Classes/LighthouseLab/Preparation package/lighthouse/PostLHL/ReactOnRails/onlineCourses/coding_courses/frontend/src/components/Program/ProgramList.jsx": {"lines":{"total":18,"covered":18,"skipped":0,"pct":100},"functions":{"total":9,"covered":9,"skipped":0,"pct":100},"statements":{"total":18,"covered":18,"skipped":0,"pct":100},"branches":{"total":6,"covered":6,"skipped":0,"pct":100}}
,"/Users/anhtong/Documents/2. Anh Tong/Job Related/In-TAC Classes/LighthouseLab/Preparation package/lighthouse/PostLHL/ReactOnRails/onlineCourses/coding_courses/frontend/src/components/Program/ProgramView.jsx": {"lines":{"total":13,"covered":13,"skipped":0,"pct":100},"functions":{"total":7,"covered":7,"skipped":0,"pct":100},"statements":{"total":13,"covered":13,"skipped":0,"pct":100},"branches":{"total":0,"covered":0,"skipped":0,"pct":100}}
,"/Users/anhtong/Documents/2. Anh Tong/Job Related/In-TAC Classes/LighthouseLab/Preparation package/lighthouse/PostLHL/ReactOnRails/onlineCourses/coding_courses/frontend/src/helpers/comparison.js": {"lines":{"total":10,"covered":9,"skipped":0,"pct":90},"functions":{"total":2,"covered":2,"skipped":0,"pct":100},"statements":{"total":10,"covered":9,"skipped":0,"pct":90},"branches":{"total":6,"covered":5,"skipped":0,"pct":83.33}}
,"/Users/anhtong/Documents/2. Anh Tong/Job Related/In-TAC Classes/LighthouseLab/Preparation package/lighthouse/PostLHL/ReactOnRails/onlineCourses/coding_courses/frontend/src/hooks/useForm.js": {"lines":{"total":41,"covered":41,"skipped":0,"pct":100},"functions":{"total":12,"covered":11,"skipped":0,"pct":91.67},"statements":{"total":45,"covered":45,"skipped":0,"pct":100},"branches":{"total":5,"covered":2,"skipped":0,"pct":40}}
,"/Users/anhtong/Documents/2. Anh Tong/Job Related/In-TAC Classes/LighthouseLab/Preparation package/lighthouse/PostLHL/ReactOnRails/onlineCourses/coding_courses/frontend/src/hooks/useProgramData.js": {"lines":{"total":63,"covered":51,"skipped":0,"pct":80.95},"functions":{"total":24,"covered":16,"skipped":0,"pct":66.67},"statements":{"total":65,"covered":53,"skipped":0,"pct":81.54},"branches":{"total":6,"covered":6,"skipped":0,"pct":100}}
,"/Users/anhtong/Documents/2. Anh Tong/Job Related/In-TAC Classes/LighthouseLab/Preparation package/lighthouse/PostLHL/ReactOnRails/onlineCourses/coding_courses/frontend/src/hooks/useValidations.js": {"lines":{"total":13,"covered":13,"skipped":0,"pct":100},"functions":{"total":5,"covered":5,"skipped":0,"pct":100},"statements":{"total":14,"covered":14,"skipped":0,"pct":100},"branches":{"total":12,"covered":12,"skipped":0,"pct":100}}
,"/Users/anhtong/Documents/2. Anh Tong/Job Related/In-TAC Classes/LighthouseLab/Preparation package/lighthouse/PostLHL/ReactOnRails/onlineCourses/coding_courses/frontend/src/router/AppRouter.js": {"lines":{"total":2,"covered":2,"skipped":0,"pct":100},"functions":{"total":1,"covered":1,"skipped":0,"pct":100},"statements":{"total":2,"covered":2,"skipped":0,"pct":100},"branches":{"total":0,"covered":0,"skipped":0,"pct":100}}
}
