TN:
SF:frontend/src/App.js
FN:5,(anonymous_0)
FNF:1
FNH:1
FNDA:50,(anonymous_0)
DA:5,25
DA:7,50
LF:2
LH:2
BRF:0
BRH:0
end_of_record
TN:
SF:frontend/src/index.js
FNF:0
FNH:0
DA:9,25
DA:21,25
LF:2
LH:2
BRF:0
BRH:0
end_of_record
TN:
SF:frontend/src/reportWebVitals.js
FN:1,(anonymous_0)
FN:3,(anonymous_1)
FNF:2
FNH:1
FNDA:25,(anonymous_0)
FNDA:0,(anonymous_1)
DA:1,25
DA:2,25
DA:3,0
DA:4,0
DA:5,0
DA:6,0
DA:7,0
DA:8,0
LF:8
LH:2
BRDA:2,0,0,0
BRDA:2,0,1,25
BRDA:2,1,0,25
BRDA:2,1,1,0
BRF:4
BRH:2
end_of_record
TN:
SF:frontend/src/components/Program/Confirm.jsx
FN:4,(anonymous_0)
FN:5,(anonymous_1)
FN:6,(anonymous_2)
FN:7,(anonymous_3)
FN:19,(anonymous_4)
FN:24,(anonymous_5)
FNF:6
FNH:6
FNDA:9140,(anonymous_0)
FNDA:7,(anonymous_1)
FNDA:16,(anonymous_2)
FNDA:9,(anonymous_3)
FNDA:9,(anonymous_4)
FNDA:7,(anonymous_5)
DA:4,25
DA:5,9140
DA:6,9140
DA:7,9140
DA:8,9140
DA:9,9140
DA:10,9140
DA:12,9140
DA:20,9
DA:21,9
DA:25,7
DA:26,7
LF:12
LH:12
BRF:0
BRH:0
end_of_record
TN:
SF:frontend/src/components/Program/ProgramForm.jsx
FN:10,(anonymous_0)
FN:20,(anonymous_1)
FN:27,(anonymous_2)
FN:28,(anonymous_3)
FN:29,(anonymous_4)
FN:30,(anonymous_5)
FN:31,(anonymous_6)
FN:32,(anonymous_7)
FN:34,(anonymous_8)
FN:44,(anonymous_9)
FN:107,(anonymous_10)
FN:116,(anonymous_11)
FN:121,(anonymous_12)
FN:126,(anonymous_13)
FN:134,(anonymous_14)
FN:148,(anonymous_15)
FN:148,(anonymous_16)
FNF:17
FNH:17
FNDA:8866,(anonymous_0)
FNDA:10,(anonymous_1)
FNDA:13224,(anonymous_2)
FNDA:13224,(anonymous_3)
FNDA:13224,(anonymous_4)
FNDA:13224,(anonymous_5)
FNDA:13224,(anonymous_6)
FNDA:13224,(anonymous_7)
FNDA:8,(anonymous_8)
FNDA:32,(anonymous_9)
FNDA:17,(anonymous_10)
FNDA:17,(anonymous_11)
FNDA:6,(anonymous_12)
FNDA:5,(anonymous_13)
FNDA:4,(anonymous_14)
FNDA:3,(anonymous_15)
FNDA:2,(anonymous_16)
DA:10,25
DA:11,8866
DA:12,8866
DA:13,8866
DA:14,8866
DA:15,8866
DA:16,8866
DA:17,8866
DA:18,8866
DA:20,8866
DA:21,10
DA:25,8866
DA:26,8866
DA:27,13224
DA:28,13224
DA:29,13224
DA:30,13224
DA:31,13224
DA:32,13224
DA:34,8866
DA:35,8
DA:36,8
DA:37,1
DA:39,7
DA:42,8866
DA:44,8866
DA:45,32
DA:48,8866
DA:50,8866
DA:108,17
DA:109,17
DA:117,17
DA:118,17
DA:122,6
DA:123,6
DA:127,5
DA:128,2
DA:130,3
DA:131,3
DA:135,4
DA:136,2
DA:138,2
DA:139,2
DA:148,3
LF:44
LH:44
BRDA:15,0,0,2328
BRDA:15,0,1,6538
BRDA:27,1,0,13224
BRDA:27,1,1,7073
BRDA:28,2,0,13224
BRDA:28,2,1,2780
BRDA:29,3,0,13224
BRDA:29,3,1,6817
BRDA:30,4,0,13224
BRDA:30,4,1,9754
BRDA:31,5,0,13224
BRDA:31,5,1,7
BRDA:32,6,0,13224
BRDA:32,6,1,7018
BRDA:36,7,0,1
BRDA:36,7,1,7
BRDA:52,8,0,8866
BRDA:52,8,1,2328
BRDA:53,9,0,8866
BRDA:53,9,1,2328
BRDA:54,10,0,8866
BRDA:54,10,1,6538
BRDA:55,11,0,8866
BRDA:55,11,1,6538
BRDA:66,12,0,8866
BRDA:66,12,1,8726
BRDA:66,12,2,1978
BRDA:77,13,0,8866
BRDA:77,13,1,8148
BRDA:77,13,2,498
BRDA:88,14,0,8866
BRDA:88,14,1,8042
BRDA:88,14,2,14
BRDA:95,15,0,8866
BRDA:95,15,1,90
BRDA:100,16,0,8866
BRDA:100,16,1,8776
BRDA:100,16,2,2278
BRDA:112,17,0,8866
BRDA:112,17,1,98
BRDA:112,17,2,8
BRDA:127,18,0,2
BRDA:127,18,1,3
BRDA:133,19,0,2328
BRDA:133,19,1,6538
BRDA:135,20,0,2
BRDA:135,20,1,2
BRDA:148,21,0,8862
BRDA:148,21,1,4
BRF:49
BRH:49
end_of_record
TN:
SF:frontend/src/components/Program/ProgramList.jsx
FN:9,(anonymous_0)
FN:15,(anonymous_1)
FN:19,(anonymous_2)
FN:35,(anonymous_3)
FN:39,(anonymous_4)
FN:43,(anonymous_5)
FN:68,(anonymous_6)
FN:78,(anonymous_7)
FN:79,(anonymous_8)
FNF:9
FNH:9
FNDA:168,(anonymous_0)
FNDA:14,(anonymous_1)
FNDA:542,(anonymous_2)
FNDA:3,(anonymous_3)
FNDA:4,(anonymous_4)
FNDA:7,(anonymous_5)
FNDA:16,(anonymous_6)
FNDA:2,(anonymous_7)
FNDA:5,(anonymous_8)
DA:9,25
DA:10,168
DA:11,168
DA:12,168
DA:13,168
DA:15,168
DA:16,14
DA:19,168
DA:20,542
DA:35,3
DA:39,4
DA:44,7
DA:45,7
DA:55,168
DA:62,168
DA:68,16
DA:78,2
DA:79,5
LF:18
LH:18
BRDA:31,0,0,530
BRDA:31,0,1,12
BRDA:65,1,0,168
BRDA:65,1,1,102
BRDA:73,2,0,102
BRDA:73,2,1,66
BRF:6
BRH:6
end_of_record
TN:
SF:frontend/src/components/Program/ProgramView.jsx
FN:9,(anonymous_0)
FN:15,(anonymous_1)
FN:40,(anonymous_2)
FN:46,(anonymous_3)
FN:49,(anonymous_4)
FN:59,(anonymous_5)
FN:60,(anonymous_6)
FNF:7
FNH:7
FNDA:106,(anonymous_0)
FNDA:8,(anonymous_1)
FNDA:3,(anonymous_2)
FNDA:2,(anonymous_3)
FNDA:3,(anonymous_4)
FNDA:2,(anonymous_5)
FNDA:2,(anonymous_6)
DA:9,25
DA:10,106
DA:11,106
DA:12,106
DA:13,106
DA:15,106
DA:16,8
DA:19,106
DA:40,3
DA:46,2
DA:49,3
DA:59,2
DA:60,2
LF:13
LH:13
BRF:0
BRH:0
end_of_record
TN:
SF:frontend/src/helpers/comparison.js
FN:1,(anonymous_0)
FN:8,(anonymous_1)
FNF:2
FNH:2
FNDA:9,(anonymous_0)
FNDA:54,(anonymous_1)
DA:1,25
DA:2,9
DA:3,9
DA:4,9
DA:5,9
DA:6,0
DA:8,9
DA:9,54
DA:10,14
DA:14,9
LF:10
LH:9
BRDA:5,0,0,0
BRDA:5,0,1,9
BRDA:9,1,0,14
BRDA:9,1,1,40
BRDA:9,2,0,54
BRDA:9,2,1,54
BRF:6
BRH:5
end_of_record
TN:
SF:frontend/src/hooks/useForm.js
FN:5,(anonymous_0)
FN:7,(anonymous_1)
FN:8,(anonymous_2)
FN:9,(anonymous_3)
FN:12,(anonymous_4)
FN:12,(anonymous_5)
FN:18,(anonymous_6)
FN:26,(anonymous_7)
FN:32,(anonymous_8)
FN:36,(anonymous_9)
FN:40,(anonymous_10)
FN:43,(anonymous_11)
FNF:12
FNH:11
FNDA:13224,(anonymous_0)
FNDA:79344,(anonymous_1)
FNDA:79344,(anonymous_2)
FNDA:33449,(anonymous_3)
FNDA:8866,(anonymous_4)
FNDA:0,(anonymous_5)
FNDA:4324,(anonymous_6)
FNDA:17,(anonymous_7)
FNDA:71,(anonymous_8)
FNDA:6,(anonymous_9)
FNDA:30,(anonymous_10)
FNDA:17,(anonymous_11)
DA:5,25
DA:6,13224
DA:7,79344
DA:8,79344
DA:9,33449
DA:12,25
DA:13,8866
DA:14,8866
DA:15,8866
DA:16,8866
DA:17,8866
DA:18,8866
DA:19,4324
DA:20,4324
DA:21,4324
DA:22,4324
DA:23,4324
DA:24,4324
DA:26,8866
DA:27,17
DA:28,17
DA:29,17
DA:30,17
DA:31,17
DA:32,71
DA:33,17
DA:34,17
DA:36,8866
DA:37,6
DA:38,6
DA:39,6
DA:40,30
DA:41,6
DA:43,8866
DA:44,17
DA:45,17
DA:46,17
DA:47,17
DA:48,17
DA:49,17
DA:51,8866
LF:41
LH:41
BRDA:12,0,0,0
BRDA:12,1,0,0
BRDA:12,2,0,0
BRDA:34,3,0,8
BRDA:34,3,1,9
BRF:5
BRH:2
end_of_record
TN:
SF:frontend/src/hooks/useProgramData.js
FN:5,(anonymous_0)
FN:16,(anonymous_1)
FN:18,(anonymous_2)
FN:23,(anonymous_3)
FN:26,(anonymous_4)
FN:29,(anonymous_5)
FN:31,(anonymous_6)
FN:35,(anonymous_7)
FN:41,(anonymous_8)
FN:46,(anonymous_9)
FN:54,(anonymous_10)
FN:59,(anonymous_11)
FN:66,(anonymous_12)
FN:72,(anonymous_13)
FN:75,(anonymous_14)
FN:80,(anonymous_15)
FN:83,(anonymous_16)
FN:86,(anonymous_17)
FN:90,(anonymous_18)
FN:94,(anonymous_19)
FN:96,(anonymous_20)
FN:100,(anonymous_21)
FN:104,(anonymous_22)
FN:108,(anonymous_23)
FNF:24
FNH:15
FNDA:9140,(anonymous_0)
FNDA:73,(anonymous_1)
FNDA:73,(anonymous_2)
FNDA:124,(anonymous_3)
FNDA:0,(anonymous_4)
FNDA:7,(anonymous_5)
FNDA:42,(anonymous_6)
FNDA:2,(anonymous_7)
FNDA:0,(anonymous_8)
FNDA:8,(anonymous_9)
FNDA:8,(anonymous_10)
FNDA:0,(anonymous_11)
FNDA:1,(anonymous_12)
FNDA:0,(anonymous_13)
FNDA:0,(anonymous_14)
FNDA:1,(anonymous_15)
FNDA:1,(anonymous_16)
FNDA:0,(anonymous_17)
FNDA:0,(anonymous_18)
FNDA:7,(anonymous_19)
FNDA:7,(anonymous_20)
FNDA:7,(anonymous_21)
FNDA:0,(anonymous_22)
FNDA:0,(anonymous_23)
DA:5,25
DA:7,9140
DA:8,9140
DA:9,9140
DA:10,9140
DA:11,9140
DA:12,9140
DA:13,9140
DA:16,9140
DA:17,73
DA:19,73
DA:20,73
DA:21,73
DA:22,73
DA:23,124
DA:24,22
DA:26,0
DA:29,9140
DA:30,7
DA:31,42
DA:32,7
DA:33,7
DA:36,2
DA:37,2
DA:38,2
DA:39,2
DA:42,0
DA:46,9140
DA:47,8
DA:48,8
DA:49,8
DA:50,8
DA:55,8
DA:56,8
DA:57,8
DA:60,0
DA:61,0
DA:63,8
DA:66,9140
DA:67,1
DA:68,1
DA:69,1
DA:70,0
DA:73,0
DA:76,0
DA:77,0
DA:79,1
DA:81,1
DA:84,1
DA:87,0
DA:88,0
DA:90,0
DA:94,9140
DA:95,7
DA:97,7
DA:98,7
DA:101,7
DA:102,7
DA:105,0
DA:106,0
DA:108,0
DA:111,9140
DA:113,9140
LF:63
LH:49
BRDA:22,0,0,22
BRDA:22,0,1,51
BRDA:69,1,0,0
BRDA:69,1,1,1
BRDA:69,2,0,1
BRDA:69,2,1,0
BRF:6
BRH:4
end_of_record
TN:
SF:frontend/src/hooks/useValidations.js
FN:2,(anonymous_0)
FN:3,(anonymous_1)
FN:14,(anonymous_2)
FN:15,(anonymous_3)
FN:19,(anonymous_4)
FNF:5
FNH:5
FNDA:8866,(anonymous_0)
FNDA:52896,(anonymous_1)
FNDA:13224,(anonymous_2)
FNDA:70730,(anonymous_3)
FNDA:13224,(anonymous_4)
DA:2,25
DA:3,8866
DA:4,52896
DA:5,9157
DA:6,43739
DA:7,30515
DA:10,13224
DA:14,8866
DA:15,70730
DA:16,13224
DA:19,8866
DA:20,13224
DA:23,8866
LF:13
LH:13
BRDA:4,0,0,9157
BRDA:4,0,1,43739
BRDA:5,1,0,9157
BRDA:5,1,1,9157
BRDA:6,2,0,30515
BRDA:6,2,1,13224
BRDA:7,3,0,30515
BRDA:7,3,1,30515
BRDA:10,4,0,13224
BRDA:10,4,1,13224
BRDA:20,5,0,13224
BRDA:20,5,1,6207
BRF:12
BRH:12
end_of_record
TN:
SF:frontend/src/router/AppRouter.js
FN:8,(anonymous_0)
FN:18,(anonymous_1)
FNF:2
FNH:1
FNDA:50,(anonymous_0)
FNDA:0,(anonymous_1)
DA:8,25
DA:9,50
DA:18,0
LF:3
LH:2
BRF:0
BRH:0
end_of_record
