TN:
SF:frontend/src/App.js
FN:5,(anonymous_0)
FNF:1
FNH:1
FNDA:86,(anonymous_0)
DA:5,43
DA:7,86
LF:2
LH:2
BRF:0
BRH:0
end_of_record
TN:
SF:frontend/src/index.js
FN:22,sendToAnalytics
FNF:1
FNH:1
FNDA:148,sendToAnalytics
DA:9,43
DA:23,148
DA:24,148
DA:27,148
DA:28,148
DA:30,0
DA:33,43
DA:34,43
LF:8
LH:7
BRDA:27,0,0,148
BRDA:27,0,1,0
BRF:2
BRH:1
end_of_record
TN:
SF:frontend/src/reportWebVitals.js
FN:1,(anonymous_0)
FN:3,(anonymous_1)
FNF:2
FNH:2
FNDA:86,(anonymous_0)
FNDA:86,(anonymous_1)
DA:1,43
DA:2,86
DA:3,86
DA:4,86
DA:5,86
DA:6,86
DA:7,86
DA:8,86
LF:8
LH:8
BRDA:2,0,0,86
BRDA:2,0,1,0
BRDA:2,1,0,86
BRDA:2,1,1,86
BRF:4
BRH:3
end_of_record
TN:
SF:frontend/src/components/Program/Confirm.jsx
FN:4,(anonymous_0)
FN:5,(anonymous_1)
FN:6,(anonymous_2)
FN:7,(anonymous_3)
FN:19,(anonymous_4)
FN:24,(anonymous_5)
FNF:6
FNH:6
FNDA:10598,(anonymous_0)
FNDA:7,(anonymous_1)
FNDA:16,(anonymous_2)
FNDA:9,(anonymous_3)
FNDA:9,(anonymous_4)
FNDA:7,(anonymous_5)
DA:4,43
DA:5,10598
DA:6,10598
DA:7,10598
DA:8,10598
DA:9,10598
DA:10,10598
DA:12,10598
DA:20,9
DA:21,9
DA:25,7
DA:26,7
LF:12
LH:12
BRF:0
BRH:0
end_of_record
TN:
SF:frontend/src/components/Program/ProgramForm.jsx
FN:10,(anonymous_0)
FN:20,(anonymous_1)
FN:27,(anonymous_2)
FN:28,(anonymous_3)
FN:29,(anonymous_4)
FN:30,(anonymous_5)
FN:31,(anonymous_6)
FN:32,(anonymous_7)
FN:34,(anonymous_8)
FN:44,(anonymous_9)
FN:107,(anonymous_10)
FN:116,(anonymous_11)
FN:121,(anonymous_12)
FN:126,(anonymous_13)
FN:134,(anonymous_14)
FN:148,(anonymous_15)
FN:148,(anonymous_16)
FNF:17
FNH:17
FNDA:10172,(anonymous_0)
FNDA:10,(anonymous_1)
FNDA:15147,(anonymous_2)
FNDA:15147,(anonymous_3)
FNDA:15147,(anonymous_4)
FNDA:15147,(anonymous_5)
FNDA:15147,(anonymous_6)
FNDA:15147,(anonymous_7)
FNDA:11,(anonymous_8)
FNDA:50,(anonymous_9)
FNDA:21,(anonymous_10)
FNDA:22,(anonymous_11)
FNDA:6,(anonymous_12)
FNDA:4,(anonymous_13)
FNDA:4,(anonymous_14)
FNDA:3,(anonymous_15)
FNDA:2,(anonymous_16)
DA:10,43
DA:11,10172
DA:12,10172
DA:13,10172
DA:14,10172
DA:15,10172
DA:16,10172
DA:17,10172
DA:18,10172
DA:20,10172
DA:21,10
DA:25,10172
DA:26,10172
DA:27,15147
DA:28,15147
DA:29,15147
DA:30,15147
DA:31,15147
DA:32,15147
DA:34,10172
DA:35,11
DA:36,11
DA:37,2
DA:39,9
DA:42,10172
DA:44,10172
DA:45,50
DA:48,10172
DA:50,10172
DA:108,21
DA:109,21
DA:117,22
DA:118,22
DA:122,6
DA:123,6
DA:127,4
DA:128,1
DA:130,3
DA:131,3
DA:135,4
DA:136,2
DA:138,2
DA:139,2
DA:148,3
LF:44
LH:44
BRDA:15,0,0,2414
BRDA:15,0,1,7758
BRDA:27,1,0,15147
BRDA:27,1,1,8310
BRDA:28,2,0,15147
BRDA:28,2,1,2964
BRDA:29,3,0,15147
BRDA:29,3,1,8249
BRDA:30,4,0,15147
BRDA:30,4,1,11572
BRDA:31,5,0,15147
BRDA:31,5,1,7
BRDA:32,6,0,15147
BRDA:32,6,1,8436
BRDA:36,7,0,2
BRDA:36,7,1,9
BRDA:52,8,0,10172
BRDA:52,8,1,2414
BRDA:53,9,0,10172
BRDA:53,9,1,2414
BRDA:54,10,0,10172
BRDA:54,10,1,7758
BRDA:55,11,0,10172
BRDA:55,11,1,7758
BRDA:66,12,0,10172
BRDA:66,12,1,9960
BRDA:66,12,2,2208
BRDA:77,13,0,10172
BRDA:77,13,1,8964
BRDA:77,13,2,498
BRDA:88,14,0,10172
BRDA:88,14,1,8832
BRDA:88,14,2,14
BRDA:95,15,0,10172
BRDA:95,15,1,106
BRDA:100,16,0,10172
BRDA:100,16,1,10066
BRDA:100,16,2,2340
BRDA:112,17,0,10172
BRDA:112,17,1,116
BRDA:112,17,2,8
BRDA:127,18,0,1
BRDA:127,18,1,3
BRDA:133,19,0,2414
BRDA:133,19,1,7758
BRDA:135,20,0,2
BRDA:135,20,1,2
BRDA:148,21,0,10168
BRDA:148,21,1,4
BRF:49
BRH:49
end_of_record
TN:
SF:frontend/src/components/Program/ProgramList.jsx
FN:9,(anonymous_0)
FN:15,(anonymous_1)
FN:19,(anonymous_2)
FN:35,(anonymous_3)
FN:39,(anonymous_4)
FN:43,(anonymous_5)
FN:68,(anonymous_6)
FN:78,(anonymous_7)
FN:79,(anonymous_8)
FNF:9
FNH:9
FNDA:254,(anonymous_0)
FNDA:14,(anonymous_1)
FNDA:1066,(anonymous_2)
FNDA:11,(anonymous_3)
FNDA:5,(anonymous_4)
FNDA:7,(anonymous_5)
FNDA:24,(anonymous_6)
FNDA:2,(anonymous_7)
FNDA:5,(anonymous_8)
DA:9,43
DA:10,254
DA:11,254
DA:12,254
DA:13,254
DA:15,254
DA:16,14
DA:19,254
DA:20,1066
DA:35,11
DA:39,5
DA:44,7
DA:45,7
DA:55,254
DA:62,254
DA:68,24
DA:78,2
DA:79,5
LF:18
LH:18
BRDA:31,0,0,764
BRDA:31,0,1,302
BRDA:65,1,0,254
BRDA:65,1,1,144
BRDA:73,2,0,144
BRDA:73,2,1,110
BRF:6
BRH:6
end_of_record
TN:
SF:frontend/src/components/Program/ProgramView.jsx
FN:9,(anonymous_0)
FN:15,(anonymous_1)
FN:40,(anonymous_2)
FN:46,(anonymous_3)
FN:49,(anonymous_4)
FN:59,(anonymous_5)
FN:60,(anonymous_6)
FNF:7
FNH:7
FNDA:172,(anonymous_0)
FNDA:8,(anonymous_1)
FNDA:6,(anonymous_2)
FNDA:4,(anonymous_3)
FNDA:8,(anonymous_4)
FNDA:2,(anonymous_5)
FNDA:2,(anonymous_6)
DA:9,43
DA:10,172
DA:11,172
DA:12,172
DA:13,172
DA:15,172
DA:16,8
DA:19,172
DA:40,6
DA:46,4
DA:49,8
DA:59,2
DA:60,2
LF:13
LH:13
BRF:0
BRH:0
end_of_record
TN:
SF:frontend/src/helpers/comparison.js
FN:1,(anonymous_0)
FN:8,(anonymous_1)
FNF:2
FNH:2
FNDA:8,(anonymous_0)
FNDA:47,(anonymous_1)
DA:1,43
DA:2,8
DA:3,8
DA:4,8
DA:5,8
DA:6,0
DA:8,8
DA:9,47
DA:10,14
DA:14,8
LF:10
LH:9
BRDA:5,0,0,0
BRDA:5,0,1,8
BRDA:9,1,0,14
BRDA:9,1,1,33
BRDA:9,2,0,47
BRDA:9,2,1,47
BRF:6
BRH:5
end_of_record
TN:
SF:frontend/src/hooks/useForm.js
FN:5,(anonymous_0)
FN:7,(anonymous_1)
FN:8,(anonymous_2)
FN:9,(anonymous_3)
FN:12,(anonymous_4)
FN:12,(anonymous_5)
FN:18,(anonymous_6)
FN:26,(anonymous_7)
FN:32,(anonymous_8)
FN:36,(anonymous_9)
FN:40,(anonymous_10)
FN:43,(anonymous_11)
FNF:12
FNH:11
FNDA:15147,(anonymous_0)
FNDA:90882,(anonymous_1)
FNDA:90882,(anonymous_2)
FNDA:39538,(anonymous_3)
FNDA:10172,(anonymous_4)
FNDA:0,(anonymous_5)
FNDA:4932,(anonymous_6)
FNDA:22,(anonymous_7)
FNDA:94,(anonymous_8)
FNDA:6,(anonymous_9)
FNDA:30,(anonymous_10)
FNDA:21,(anonymous_11)
DA:5,43
DA:6,15147
DA:7,90882
DA:8,90882
DA:9,39538
DA:12,43
DA:13,10172
DA:14,10172
DA:15,10172
DA:16,10172
DA:17,10172
DA:18,10172
DA:19,4932
DA:20,4932
DA:21,4932
DA:22,4932
DA:23,4932
DA:24,4932
DA:26,10172
DA:27,22
DA:28,22
DA:29,22
DA:30,22
DA:31,22
DA:32,94
DA:33,22
DA:34,22
DA:36,10172
DA:37,6
DA:38,6
DA:39,6
DA:40,30
DA:41,6
DA:43,10172
DA:44,21
DA:45,21
DA:46,21
DA:47,21
DA:48,21
DA:49,21
DA:51,10172
LF:41
LH:41
BRDA:12,0,0,0
BRDA:12,1,0,0
BRDA:12,2,0,0
BRDA:34,3,0,11
BRDA:34,3,1,11
BRF:5
BRH:2
end_of_record
TN:
SF:frontend/src/hooks/useProgramData.js
FN:5,(anonymous_0)
FN:16,(anonymous_1)
FN:18,(anonymous_2)
FN:23,(anonymous_3)
FN:26,(anonymous_4)
FN:29,(anonymous_5)
FN:31,(anonymous_6)
FN:35,(anonymous_7)
FN:41,(anonymous_8)
FN:46,(anonymous_9)
FN:54,(anonymous_10)
FN:59,(anonymous_11)
FN:66,(anonymous_12)
FN:72,(anonymous_13)
FN:75,(anonymous_14)
FN:80,(anonymous_15)
FN:83,(anonymous_16)
FN:86,(anonymous_17)
FN:90,(anonymous_18)
FN:94,(anonymous_19)
FN:96,(anonymous_20)
FN:100,(anonymous_21)
FN:104,(anonymous_22)
FN:108,(anonymous_23)
FNF:24
FNH:16
FNDA:10598,(anonymous_0)
FNDA:120,(anonymous_1)
FNDA:119,(anonymous_2)
FNDA:279,(anonymous_3)
FNDA:0,(anonymous_4)
FNDA:7,(anonymous_5)
FNDA:58,(anonymous_6)
FNDA:2,(anonymous_7)
FNDA:0,(anonymous_8)
FNDA:10,(anonymous_9)
FNDA:10,(anonymous_10)
FNDA:0,(anonymous_11)
FNDA:2,(anonymous_12)
FNDA:1,(anonymous_13)
FNDA:0,(anonymous_14)
FNDA:1,(anonymous_15)
FNDA:1,(anonymous_16)
FNDA:0,(anonymous_17)
FNDA:0,(anonymous_18)
FNDA:9,(anonymous_19)
FNDA:9,(anonymous_20)
FNDA:9,(anonymous_21)
FNDA:0,(anonymous_22)
FNDA:0,(anonymous_23)
DA:5,43
DA:7,10598
DA:8,10598
DA:9,10598
DA:10,10598
DA:11,10598
DA:12,10598
DA:13,10598
DA:16,10598
DA:17,120
DA:19,119
DA:20,119
DA:21,119
DA:22,119
DA:23,279
DA:24,37
DA:26,0
DA:29,10598
DA:30,7
DA:31,58
DA:32,7
DA:33,7
DA:36,2
DA:37,2
DA:38,2
DA:39,2
DA:42,0
DA:46,10598
DA:47,10
DA:48,10
DA:49,10
DA:50,10
DA:55,10
DA:56,10
DA:57,10
DA:60,0
DA:61,0
DA:63,10
DA:66,10598
DA:67,2
DA:68,2
DA:69,2
DA:70,1
DA:73,1
DA:76,0
DA:77,0
DA:79,1
DA:81,1
DA:84,1
DA:87,0
DA:88,0
DA:90,0
DA:94,10598
DA:95,9
DA:97,9
DA:98,9
DA:101,9
DA:102,9
DA:105,0
DA:106,0
DA:108,0
DA:111,10598
DA:113,10598
LF:63
LH:51
BRDA:22,0,0,37
BRDA:22,0,1,82
BRDA:69,1,0,1
BRDA:69,1,1,1
BRDA:69,2,0,2
BRDA:69,2,1,1
BRF:6
BRH:6
end_of_record
TN:
SF:frontend/src/hooks/useValidations.js
FN:2,(anonymous_0)
FN:3,(anonymous_1)
FN:14,(anonymous_2)
FN:15,(anonymous_3)
FN:19,(anonymous_4)
FNF:5
FNH:5
FNDA:10172,(anonymous_0)
FNDA:60588,(anonymous_1)
FNDA:15147,(anonymous_2)
FNDA:110950,(anonymous_3)
FNDA:15147,(anonymous_4)
DA:2,43
DA:3,10172
DA:4,60588
DA:5,10673
DA:6,49915
DA:7,34768
DA:10,15147
DA:14,10172
DA:15,110950
DA:16,15147
DA:19,10172
DA:20,15147
DA:23,10172
LF:13
LH:13
BRDA:4,0,0,10673
BRDA:4,0,1,49915
BRDA:5,1,0,10673
BRDA:5,1,1,10673
BRDA:6,2,0,34768
BRDA:6,2,1,15147
BRDA:7,3,0,34768
BRDA:7,3,1,34768
BRDA:10,4,0,15147
BRDA:10,4,1,15147
BRDA:20,5,0,15147
BRDA:20,5,1,6712
BRF:12
BRH:12
end_of_record
TN:
SF:frontend/src/router/AppRouter.js
FN:8,(anonymous_0)
FNF:1
FNH:1
FNDA:86,(anonymous_0)
DA:8,43
DA:9,86
LF:2
LH:2
BRF:0
BRH:0
end_of_record
